[ 2017-05-03T18:55:27+08:00 ] 127.0.0.1 /index.php/Adminc/Admins/index.html
INFO: [ app_init ] --START--
INFO: Run Behavior\BuildLiteBehavior [ RunTime:0.000000s ]
INFO: [ app_init ] --END-- [ RunTime:0.000000s ]
INFO: [ app_begin ] --START--
INFO: Run Behavior\ReadHtmlCacheBehavior [ RunTime:0.000000s ]
INFO: [ app_begin ] --END-- [ RunTime:0.000000s ]
SQL: SHOW COLUMNS FROM `think_auth_group_access` [ RunTime:0.0090s ]
SQL: SELECT `uid`,`group_id`,`title`,`rules` FROM think_auth_group_access a INNER JOIN think_auth_group g on a.group_id=g.id  WHERE ( a.uid='5' and g.status='1' )  [ RunTime:0.0000s ]
SQL: SHOW COLUMNS FROM `think_auth_rule` [ RunTime:0.0070s ]
SQL: SELECT `condition`,`name` FROM `think_auth_rule` WHERE `id` IN ('3','4','5') AND `type` = 1 AND `status` = 1  [ RunTime:0.0000s ]
SQL: SHOW COLUMNS FROM `think_admin_base` [ RunTime:0.0080s ]
SQL: SELECT COUNT(*) AS tp_count FROM `think_admin_base` LIMIT 1   [ RunTime:0.0010s ]
SQL: SHOW COLUMNS FROM `think_admin_base` [ RunTime:0.0070s ]
SQL: SELECT a.id as id,a.name as name,g.title as title,a.nickname as nickname,a.email as email,g.title as title,a.create_time as create_time,a.create_ip as create_ip FROM think_admin_base a left join `think_auth_group` g on g.id = a.group   ORDER BY a.order asc,a.Id desc,a.create_time desc LIMIT 0,30   [ RunTime:0.0010s ]
INFO: [ view_parse ] --START--
INFO: [ template_filter ] --START--
INFO: Run Behavior\ContentReplaceBehavior [ RunTime:0.000000s ]
INFO: [ template_filter ] --END-- [ RunTime:0.000000s ]
INFO: Run Behavior\ParseTemplateBehavior [ RunTime:0.009001s ]
INFO: [ view_parse ] --END-- [ RunTime:0.009001s ]
INFO: [ view_filter ] --START--
INFO: Run Behavior\WriteHtmlCacheBehavior [ RunTime:0.000000s ]
INFO: [ view_filter ] --END-- [ RunTime:0.001000s ]
INFO: [ app_end ] --START--
INFO: Run Behavior\ShowPageTraceBehavior [ RunTime:0.000000s ]
INFO: [ app_end ] --END-- [ RunTime:0.000000s ]

[ 2017-05-03T18:55:29+08:00 ] 127.0.0.1 /index.php/Adminc/Admins/index.html
INFO: [ app_init ] --START--
INFO: Run Behavior\BuildLiteBehavior [ RunTime:0.000000s ]
INFO: [ app_init ] --END-- [ RunTime:0.001000s ]
INFO: [ app_begin ] --START--
INFO: Run Behavior\ReadHtmlCacheBehavior [ RunTime:0.001000s ]
INFO: [ app_begin ] --END-- [ RunTime:0.001000s ]
SQL: SHOW COLUMNS FROM `think_auth_group_access` [ RunTime:0.0060s ]
SQL: SELECT `uid`,`group_id`,`title`,`rules` FROM think_auth_group_access a INNER JOIN think_auth_group g on a.group_id=g.id  WHERE ( a.uid='5' and g.status='1' )  [ RunTime:0.0000s ]
SQL: SHOW COLUMNS FROM `think_auth_rule` [ RunTime:0.0090s ]
SQL: SELECT `condition`,`name` FROM `think_auth_rule` WHERE `id` IN ('3','4','5') AND `type` = 1 AND `status` = 1  [ RunTime:0.0000s ]
SQL: SELECT COUNT(*) AS tp_count FROM `think_admin_base` LIMIT 1   [ RunTime:0.0010s ]
SQL: SHOW COLUMNS FROM `think_admin_base` [ RunTime:0.0080s ]
SQL: SELECT a.id as id,a.name as name,g.title as title,a.nickname as nickname,a.email as email,g.title as title,a.create_time as create_time,a.create_ip as create_ip FROM think_admin_base a left join `think_auth_group` g on g.id = a.group   ORDER BY a.order asc,a.Id desc,a.create_time desc LIMIT 0,30   [ RunTime:0.0000s ]
INFO: [ view_parse ] --START--
INFO: [ template_filter ] --START--
INFO: Run Behavior\ContentReplaceBehavior [ RunTime:0.000000s ]
INFO: [ template_filter ] --END-- [ RunTime:0.000000s ]
INFO: Run Behavior\ParseTemplateBehavior [ RunTime:0.009000s ]
INFO: [ view_parse ] --END-- [ RunTime:0.009000s ]
INFO: [ view_filter ] --START--
INFO: Run Behavior\WriteHtmlCacheBehavior [ RunTime:0.000000s ]
INFO: [ view_filter ] --END-- [ RunTime:0.000000s ]
INFO: [ app_end ] --START--
INFO: Run Behavior\ShowPageTraceBehavior [ RunTime:0.001000s ]
INFO: [ app_end ] --END-- [ RunTime:0.001000s ]

[ 2017-05-03T18:55:31+08:00 ] 127.0.0.1 /index.php/Adminc/Frame/index.html
INFO: [ app_init ] --START--
INFO: Run Behavior\BuildLiteBehavior [ RunTime:0.001000s ]
INFO: [ app_init ] --END-- [ RunTime:0.001000s ]
INFO: [ app_begin ] --START--
INFO: Run Behavior\ReadHtmlCacheBehavior [ RunTime:0.001000s ]
INFO: [ app_begin ] --END-- [ RunTime:0.001000s ]
SQL: SHOW COLUMNS FROM `think_auth_group_access` [ RunTime:0.0080s ]
SQL: SELECT `uid`,`group_id`,`title`,`rules` FROM think_auth_group_access a INNER JOIN think_auth_group g on a.group_id=g.id  WHERE ( a.uid='5' and g.status='1' )  [ RunTime:0.0010s ]
SQL: SHOW COLUMNS FROM `think_auth_rule` [ RunTime:0.0070s ]
SQL: SELECT `condition`,`name` FROM `think_auth_rule` WHERE `id` IN ('3','4','5') AND `type` = 1 AND `status` = 1  [ RunTime:0.0000s ]
SQL: SHOW COLUMNS FROM `think_frame_base` [ RunTime:0.0070s ]
SQL: SELECT COUNT(*) AS tp_count FROM `think_frame_base` LIMIT 1   [ RunTime:0.0000s ]
SQL: SELECT * FROM `think_frame_base` ORDER BY `order` asc,Id desc,create_time desc LIMIT 0,30   [ RunTime:0.0010s ]
INFO: [ view_parse ] --START--
INFO: [ template_filter ] --START--
INFO: Run Behavior\ContentReplaceBehavior [ RunTime:0.000000s ]
INFO: [ template_filter ] --END-- [ RunTime:0.000000s ]
NOTIC: [8] Undefined index: html E:\tongqin\test\Apps\Runtime\Cache\Adminc\90adc74bd210f98c70b549655617c407.php 第 116 行.
NOTIC: [8] Undefined index: html E:\tongqin\test\Apps\Runtime\Cache\Adminc\90adc74bd210f98c70b549655617c407.php 第 116 行.
INFO: Run Behavior\ParseTemplateBehavior [ RunTime:0.008000s ]
INFO: [ view_parse ] --END-- [ RunTime:0.008000s ]
INFO: [ view_filter ] --START--
INFO: Run Behavior\WriteHtmlCacheBehavior [ RunTime:0.001000s ]
INFO: [ view_filter ] --END-- [ RunTime:0.001000s ]
INFO: [ app_end ] --START--
INFO: Run Behavior\ShowPageTraceBehavior [ RunTime:0.000000s ]
INFO: [ app_end ] --END-- [ RunTime:0.000000s ]

[ 2017-05-03T18:55:33+08:00 ] 127.0.0.1 /index.php/Adminc/Frame/edit/id/4.html
INFO: [ app_init ] --START--
INFO: Run Behavior\BuildLiteBehavior [ RunTime:0.000000s ]
INFO: [ app_init ] --END-- [ RunTime:0.001001s ]
INFO: [ app_begin ] --START--
INFO: Run Behavior\ReadHtmlCacheBehavior [ RunTime:0.001000s ]
INFO: [ app_begin ] --END-- [ RunTime:0.001000s ]
SQL: SHOW COLUMNS FROM `think_auth_group_access` [ RunTime:0.0060s ]
SQL: SELECT `uid`,`group_id`,`title`,`rules` FROM think_auth_group_access a INNER JOIN think_auth_group g on a.group_id=g.id  WHERE ( a.uid='5' and g.status='1' )  [ RunTime:0.0000s ]
SQL: SHOW COLUMNS FROM `think_auth_rule` [ RunTime:0.0060s ]
SQL: SELECT `condition`,`name` FROM `think_auth_rule` WHERE `id` IN ('3','4','5') AND `type` = 1 AND `status` = 1  [ RunTime:0.0010s ]
SQL: SELECT * FROM `think_frame_base` WHERE ( id = 4 ) LIMIT 1   [ RunTime:0.0010s ]
SQL: SELECT * FROM `think_frame_base` WHERE ( state = 1 ) ORDER BY `order` asc,Id desc,create_time desc  [ RunTime:0.0000s ]
INFO: [ view_parse ] --START--
INFO: [ template_filter ] --START--
INFO: Run Behavior\ContentReplaceBehavior [ RunTime:0.000000s ]
INFO: [ template_filter ] --END-- [ RunTime:0.000000s ]
INFO: Run Behavior\ParseTemplateBehavior [ RunTime:0.064003s ]
INFO: [ view_parse ] --END-- [ RunTime:0.064003s ]
INFO: [ view_filter ] --START--
INFO: Run Behavior\WriteHtmlCacheBehavior [ RunTime:0.001000s ]
INFO: [ view_filter ] --END-- [ RunTime:0.001000s ]
INFO: [ app_end ] --START--
INFO: Run Behavior\ShowPageTraceBehavior [ RunTime:0.002001s ]
INFO: [ app_end ] --END-- [ RunTime:0.002001s ]

[ 2017-05-03T19:30:09+08:00 ] 127.0.0.1 /index.php/adminc
INFO: [ app_init ] --START--
INFO: Run Behavior\BuildLiteBehavior [ RunTime:0.000000s ]
INFO: [ app_init ] --END-- [ RunTime:0.000000s ]
INFO: [ app_begin ] --START--
INFO: Run Behavior\ReadHtmlCacheBehavior [ RunTime:0.001000s ]
INFO: [ app_begin ] --END-- [ RunTime:0.001000s ]
SQL: SHOW COLUMNS FROM `think_auth_group_access` [ RunTime:0.0070s ]
SQL: SELECT `uid`,`group_id`,`title`,`rules` FROM think_auth_group_access a INNER JOIN think_auth_group g on a.group_id=g.id  WHERE ( a.uid='5' and g.status='1' )  [ RunTime:0.0000s ]
SQL: SHOW COLUMNS FROM `think_auth_rule` [ RunTime:0.0080s ]
SQL: SELECT `condition`,`name` FROM `think_auth_rule` WHERE `id` IN ('3','4','5') AND `type` = 1 AND `status` = 1  [ RunTime:0.0000s ]
INFO: [ view_parse ] --START--
INFO: [ template_filter ] --START--
INFO: Run Behavior\ContentReplaceBehavior [ RunTime:0.000000s ]
INFO: [ template_filter ] --END-- [ RunTime:0.000000s ]
INFO: Run Behavior\ParseTemplateBehavior [ RunTime:0.008001s ]
INFO: [ view_parse ] --END-- [ RunTime:0.009001s ]
INFO: [ view_filter ] --START--
INFO: Run Behavior\WriteHtmlCacheBehavior [ RunTime:0.000000s ]
INFO: [ view_filter ] --END-- [ RunTime:0.000000s ]
INFO: [ app_end ] --START--
INFO: Run Behavior\ShowPageTraceBehavior [ RunTime:0.001000s ]
INFO: [ app_end ] --END-- [ RunTime:0.001000s ]

[ 2017-05-03T19:30:15+08:00 ] 127.0.0.1 /index.php/Adminc/Topic/index.html
INFO: [ app_init ] --START--
INFO: Run Behavior\BuildLiteBehavior [ RunTime:0.000000s ]
INFO: [ app_init ] --END-- [ RunTime:0.000000s ]
INFO: [ app_begin ] --START--
INFO: Run Behavior\ReadHtmlCacheBehavior [ RunTime:0.000000s ]
INFO: [ app_begin ] --END-- [ RunTime:0.000000s ]
SQL: SHOW COLUMNS FROM `think_auth_group_access` [ RunTime:0.0080s ]
SQL: SELECT `uid`,`group_id`,`title`,`rules` FROM think_auth_group_access a INNER JOIN think_auth_group g on a.group_id=g.id  WHERE ( a.uid='5' and g.status='1' )  [ RunTime:0.0000s ]
SQL: SHOW COLUMNS FROM `think_auth_rule` [ RunTime:0.0080s ]
SQL: SELECT `condition`,`name` FROM `think_auth_rule` WHERE `id` IN ('3','4','5') AND `type` = 1 AND `status` = 1  [ RunTime:0.0000s ]
INFO: [ view_parse ] --START--
INFO: [ template_filter ] --START--
INFO: Run Behavior\ContentReplaceBehavior [ RunTime:0.000000s ]
INFO: [ template_filter ] --END-- [ RunTime:0.000000s ]
INFO: Run Behavior\ParseTemplateBehavior [ RunTime:0.011001s ]
INFO: [ view_parse ] --END-- [ RunTime:0.011001s ]
INFO: [ view_filter ] --START--
INFO: Run Behavior\WriteHtmlCacheBehavior [ RunTime:0.000000s ]
INFO: [ view_filter ] --END-- [ RunTime:0.000000s ]
INFO: [ app_end ] --START--
INFO: Run Behavior\ShowPageTraceBehavior [ RunTime:0.000000s ]
INFO: [ app_end ] --END-- [ RunTime:0.000000s ]

[ 2017-05-03T19:30:21+08:00 ] 127.0.0.1 /index.php/Adminc/Topic/ls/fid/4.html
INFO: [ app_init ] --START--
INFO: Run Behavior\BuildLiteBehavior [ RunTime:0.000000s ]
INFO: [ app_init ] --END-- [ RunTime:0.000000s ]
INFO: [ app_begin ] --START--
INFO: Run Behavior\ReadHtmlCacheBehavior [ RunTime:0.001000s ]
INFO: [ app_begin ] --END-- [ RunTime:0.001000s ]
SQL: SHOW COLUMNS FROM `think_auth_group_access` [ RunTime:0.0090s ]
SQL: SELECT `uid`,`group_id`,`title`,`rules` FROM think_auth_group_access a INNER JOIN think_auth_group g on a.group_id=g.id  WHERE ( a.uid='5' and g.status='1' )  [ RunTime:0.0000s ]
SQL: SHOW COLUMNS FROM `think_auth_rule` [ RunTime:0.0060s ]
SQL: SELECT `condition`,`name` FROM `think_auth_rule` WHERE `id` IN ('3','4','5') AND `type` = 1 AND `status` = 1  [ RunTime:0.0000s ]
SQL: SHOW COLUMNS FROM `think_admin_base` [ RunTime:0.0070s ]
SQL: SELECT COUNT(*) AS tp_count FROM think_topic_base topic_base  JOIN think_admin_base admin_base ON topic_base.create_user=admin_base.id WHERE `frame` = 4 LIMIT 1   [ RunTime:0.0000s ]
SQL: SELECT topic_base.id AS id,topic_base.title AS title,topic_base.state AS state,topic_base.is_top AS is_top,topic_base.`order` AS `order`,topic_base.create_time AS create_time,topic_base.create_user AS create_user,admin_base.nickname AS nickname FROM think_topic_base topic_base  JOIN think_admin_base admin_base ON topic_base.create_user=admin_base.id WHERE `frame` = 4 ORDER BY topic_base.is_top desc,topic_base.`order` asc,Id desc,topic_base.create_time desc LIMIT 0,30   [ RunTime:0.0000s ]
INFO: [ view_parse ] --START--
INFO: [ template_filter ] --START--
INFO: Run Behavior\ContentReplaceBehavior [ RunTime:0.000000s ]
INFO: [ template_filter ] --END-- [ RunTime:0.000000s ]
INFO: Run Behavior\ParseTemplateBehavior [ RunTime:0.009001s ]
INFO: [ view_parse ] --END-- [ RunTime:0.009001s ]
INFO: [ view_filter ] --START--
INFO: Run Behavior\WriteHtmlCacheBehavior [ RunTime:0.000000s ]
INFO: [ view_filter ] --END-- [ RunTime:0.000000s ]
INFO: [ app_end ] --START--
INFO: Run Behavior\ShowPageTraceBehavior [ RunTime:0.001000s ]
INFO: [ app_end ] --END-- [ RunTime:0.001000s ]

[ 2017-05-03T19:30:28+08:00 ] 127.0.0.1 /index.php/Adminc/Topic/add/fid/4.html
INFO: [ app_init ] --START--
INFO: Run Behavior\BuildLiteBehavior [ RunTime:0.000000s ]
INFO: [ app_init ] --END-- [ RunTime:0.001000s ]
INFO: [ app_begin ] --START--
INFO: Run Behavior\ReadHtmlCacheBehavior [ RunTime:0.001000s ]
INFO: [ app_begin ] --END-- [ RunTime:0.001000s ]
SQL: SHOW COLUMNS FROM `think_auth_group_access` [ RunTime:0.0080s ]
SQL: SELECT `uid`,`group_id`,`title`,`rules` FROM think_auth_group_access a INNER JOIN think_auth_group g on a.group_id=g.id  WHERE ( a.uid='5' and g.status='1' )  [ RunTime:0.0000s ]
SQL: SHOW COLUMNS FROM `think_auth_rule` [ RunTime:0.0090s ]
SQL: SELECT `condition`,`name` FROM `think_auth_rule` WHERE `id` IN ('3','4','5') AND `type` = 1 AND `status` = 1  [ RunTime:0.0010s ]
INFO: [ view_parse ] --START--
INFO: [ template_filter ] --START--
INFO: Run Behavior\ContentReplaceBehavior [ RunTime:0.000000s ]
INFO: [ template_filter ] --END-- [ RunTime:0.000000s ]
NOTIC: [8] Undefined variable: data E:\tongqin\test\Apps\Runtime\Cache\Adminc\ce175576f76d2399a11b7c38635acb3f.php 第 81 行.
NOTIC: [8] Undefined variable: data E:\tongqin\test\Apps\Runtime\Cache\Adminc\ce175576f76d2399a11b7c38635acb3f.php 第 87 行.
NOTIC: [8] Undefined variable: data E:\tongqin\test\Apps\Runtime\Cache\Adminc\ce175576f76d2399a11b7c38635acb3f.php 第 95 行.
NOTIC: [8] Undefined variable: data E:\tongqin\test\Apps\Runtime\Cache\Adminc\ce175576f76d2399a11b7c38635acb3f.php 第 105 行.
NOTIC: [8] Undefined variable: data E:\tongqin\test\Apps\Runtime\Cache\Adminc\ce175576f76d2399a11b7c38635acb3f.php 第 125 行.
INFO: Run Behavior\ParseTemplateBehavior [ RunTime:0.014001s ]
INFO: [ view_parse ] --END-- [ RunTime:0.014001s ]
INFO: [ view_filter ] --START--
INFO: Run Behavior\WriteHtmlCacheBehavior [ RunTime:0.000000s ]
INFO: [ view_filter ] --END-- [ RunTime:0.000000s ]
INFO: [ app_end ] --START--
INFO: Run Behavior\ShowPageTraceBehavior [ RunTime:0.001000s ]
INFO: [ app_end ] --END-- [ RunTime:0.001000s ]

[ 2017-05-03T19:30:37+08:00 ] 127.0.0.1 /index.php/Adminc/Upload/manager.html?path=&order=NAME&dir=image&1493811037046
INFO: [ app_init ] --START--
INFO: Run Behavior\BuildLiteBehavior [ RunTime:0.000000s ]
INFO: [ app_init ] --END-- [ RunTime:0.000000s ]
INFO: [ app_begin ] --START--
INFO: Run Behavior\ReadHtmlCacheBehavior [ RunTime:0.000000s ]
INFO: [ app_begin ] --END-- [ RunTime:0.000000s ]
NOTIC: [8] Undefined variable: dir_name E:\tongqin\test\Apps\Common\Service\UploadService.class.php 第 44 行.
NOTIC: [2] usort() expects parameter 2 to be a valid callback, function 'cmp_func' not found or invalid function name E:\tongqin\test\Apps\Common\Service\UploadService.class.php 第 122 行.

[ 2017-05-03T19:30:37+08:00 ] 127.0.0.1 /index.php/Adminc/Upload/manager.html?path=20170503%2F&order=NAME&dir=image&1493811037686
INFO: [ app_init ] --START--
INFO: Run Behavior\BuildLiteBehavior [ RunTime:0.000000s ]
INFO: [ app_init ] --END-- [ RunTime:0.001000s ]
INFO: [ app_begin ] --START--
INFO: Run Behavior\ReadHtmlCacheBehavior [ RunTime:0.001000s ]
INFO: [ app_begin ] --END-- [ RunTime:0.001000s ]
NOTIC: [8] Undefined variable: dir_name E:\tongqin\test\Apps\Common\Service\UploadService.class.php 第 44 行.
NOTIC: [2] usort() expects parameter 2 to be a valid callback, function 'cmp_func' not found or invalid function name E:\tongqin\test\Apps\Common\Service\UploadService.class.php 第 122 行.

[ 2017-05-03T19:30:40+08:00 ] 127.0.0.1 /index.php/Adminc/Topic/add
INFO: [ app_init ] --START--
INFO: Run Behavior\BuildLiteBehavior [ RunTime:0.000000s ]
INFO: [ app_init ] --END-- [ RunTime:0.000000s ]
INFO: [ app_begin ] --START--
INFO: Run Behavior\ReadHtmlCacheBehavior [ RunTime:0.001000s ]
INFO: [ app_begin ] --END-- [ RunTime:0.001000s ]
SQL: SHOW COLUMNS FROM `think_auth_group_access` [ RunTime:0.0070s ]
SQL: SELECT `uid`,`group_id`,`title`,`rules` FROM think_auth_group_access a INNER JOIN think_auth_group g on a.group_id=g.id  WHERE ( a.uid='5' and g.status='1' )  [ RunTime:0.0000s ]
SQL: SHOW COLUMNS FROM `think_auth_rule` [ RunTime:0.0090s ]
SQL: SELECT `condition`,`name` FROM `think_auth_rule` WHERE `id` IN ('3','4','5') AND `type` = 1 AND `status` = 1  [ RunTime:0.0000s ]
SQL: SHOW COLUMNS FROM `think_topic_base` [ RunTime:0.0070s ]
NOTIC: [8] Undefined index: validate E:\tongqin\test\ThinkPHP\Library\Think\Model.class.php 第 1189 行.
NOTIC: [8] Undefined index: auto E:\tongqin\test\ThinkPHP\Library\Think\Model.class.php 第 1132 行.
NOTIC: [8] Undefined index: order E:\tongqin\test\Apps\Adminc\Model\TopicBaseModel.class.php 第 27 行.
SQL: INSERT INTO `think_topic_base` (`Id`,`title`,`title_sub`,`frame`,`content`,`image`,`create_time`,`create_ip`,`create_user`) VALUES ('0','test3','test3','4','test3test3test3test3','/Public/attached/20170503/5909497d65d2b.jpg','1493811040','127.0.0.1','5') [ RunTime:0.0320s ]

[ 2017-05-03T19:30:42+08:00 ] 127.0.0.1 /index.php/Adminc/Topic/ls/fid/4.html
INFO: [ app_init ] --START--
INFO: Run Behavior\BuildLiteBehavior [ RunTime:0.000000s ]
INFO: [ app_init ] --END-- [ RunTime:0.001000s ]
INFO: [ app_begin ] --START--
INFO: Run Behavior\ReadHtmlCacheBehavior [ RunTime:0.001000s ]
INFO: [ app_begin ] --END-- [ RunTime:0.001000s ]
SQL: SHOW COLUMNS FROM `think_auth_group_access` [ RunTime:0.0090s ]
SQL: SELECT `uid`,`group_id`,`title`,`rules` FROM think_auth_group_access a INNER JOIN think_auth_group g on a.group_id=g.id  WHERE ( a.uid='5' and g.status='1' )  [ RunTime:0.0000s ]
SQL: SHOW COLUMNS FROM `think_auth_rule` [ RunTime:0.0070s ]
SQL: SELECT `condition`,`name` FROM `think_auth_rule` WHERE `id` IN ('3','4','5') AND `type` = 1 AND `status` = 1  [ RunTime:0.0000s ]
SQL: SELECT COUNT(*) AS tp_count FROM think_topic_base topic_base  JOIN think_admin_base admin_base ON topic_base.create_user=admin_base.id WHERE `frame` = 4 LIMIT 1   [ RunTime:0.0010s ]
SQL: SELECT topic_base.id AS id,topic_base.title AS title,topic_base.state AS state,topic_base.is_top AS is_top,topic_base.`order` AS `order`,topic_base.create_time AS create_time,topic_base.create_user AS create_user,admin_base.nickname AS nickname FROM think_topic_base topic_base  JOIN think_admin_base admin_base ON topic_base.create_user=admin_base.id WHERE `frame` = 4 ORDER BY topic_base.is_top desc,topic_base.`order` asc,Id desc,topic_base.create_time desc LIMIT 0,30   [ RunTime:0.0010s ]
INFO: [ view_parse ] --START--
INFO: [ template_filter ] --START--
INFO: Run Behavior\ContentReplaceBehavior [ RunTime:0.000000s ]
INFO: [ template_filter ] --END-- [ RunTime:0.000000s ]
INFO: Run Behavior\ParseTemplateBehavior [ RunTime:0.010001s ]
INFO: [ view_parse ] --END-- [ RunTime:0.010001s ]
INFO: [ view_filter ] --START--
INFO: Run Behavior\WriteHtmlCacheBehavior [ RunTime:0.000000s ]
INFO: [ view_filter ] --END-- [ RunTime:0.000000s ]
INFO: [ app_end ] --START--
INFO: Run Behavior\ShowPageTraceBehavior [ RunTime:0.001000s ]
INFO: [ app_end ] --END-- [ RunTime:0.001000s ]

[ 2017-05-03T19:30:48+08:00 ] 127.0.0.1 /index.php/Adminc/Topic/del.html
INFO: [ app_init ] --START--
INFO: Run Behavior\BuildLiteBehavior [ RunTime:0.000000s ]
INFO: [ app_init ] --END-- [ RunTime:0.000000s ]
INFO: [ app_begin ] --START--
INFO: Run Behavior\ReadHtmlCacheBehavior [ RunTime:0.001000s ]
INFO: [ app_begin ] --END-- [ RunTime:0.001000s ]
SQL: SHOW COLUMNS FROM `think_auth_group_access` [ RunTime:0.0080s ]
SQL: SELECT `uid`,`group_id`,`title`,`rules` FROM think_auth_group_access a INNER JOIN think_auth_group g on a.group_id=g.id  WHERE ( a.uid='5' and g.status='1' )  [ RunTime:0.0000s ]
SQL: SHOW COLUMNS FROM `think_auth_rule` [ RunTime:0.0060s ]
SQL: SELECT `condition`,`name` FROM `think_auth_rule` WHERE `id` IN ('3','4','5') AND `type` = 1 AND `status` = 1  [ RunTime:0.0000s ]
SQL: DELETE FROM `think_topic_base` WHERE `Id` = 2 [ RunTime:0.0330s ]

[ 2017-05-03T19:30:50+08:00 ] 127.0.0.1 /index.php/Adminc/Topic/ls/fid/4.html
INFO: [ app_init ] --START--
INFO: Run Behavior\BuildLiteBehavior [ RunTime:0.000000s ]
INFO: [ app_init ] --END-- [ RunTime:0.001000s ]
INFO: [ app_begin ] --START--
INFO: Run Behavior\ReadHtmlCacheBehavior [ RunTime:0.000000s ]
INFO: [ app_begin ] --END-- [ RunTime:0.000000s ]
SQL: SHOW COLUMNS FROM `think_auth_group_access` [ RunTime:0.0070s ]
SQL: SELECT `uid`,`group_id`,`title`,`rules` FROM think_auth_group_access a INNER JOIN think_auth_group g on a.group_id=g.id  WHERE ( a.uid='5' and g.status='1' )  [ RunTime:0.0010s ]
SQL: SHOW COLUMNS FROM `think_auth_rule` [ RunTime:0.0070s ]
SQL: SELECT `condition`,`name` FROM `think_auth_rule` WHERE `id` IN ('3','4','5') AND `type` = 1 AND `status` = 1  [ RunTime:0.0000s ]
SQL: SELECT COUNT(*) AS tp_count FROM think_topic_base topic_base  JOIN think_admin_base admin_base ON topic_base.create_user=admin_base.id WHERE `frame` = 4 LIMIT 1   [ RunTime:0.0010s ]
SQL: SELECT topic_base.id AS id,topic_base.title AS title,topic_base.state AS state,topic_base.is_top AS is_top,topic_base.`order` AS `order`,topic_base.create_time AS create_time,topic_base.create_user AS create_user,admin_base.nickname AS nickname FROM think_topic_base topic_base  JOIN think_admin_base admin_base ON topic_base.create_user=admin_base.id WHERE `frame` = 4 ORDER BY topic_base.is_top desc,topic_base.`order` asc,Id desc,topic_base.create_time desc LIMIT 0,30   [ RunTime:0.0010s ]
INFO: [ view_parse ] --START--
INFO: [ template_filter ] --START--
INFO: Run Behavior\ContentReplaceBehavior [ RunTime:0.000000s ]
INFO: [ template_filter ] --END-- [ RunTime:0.000000s ]
INFO: Run Behavior\ParseTemplateBehavior [ RunTime:0.009000s ]
INFO: [ view_parse ] --END-- [ RunTime:0.009000s ]
INFO: [ view_filter ] --START--
INFO: Run Behavior\WriteHtmlCacheBehavior [ RunTime:0.001000s ]
INFO: [ view_filter ] --END-- [ RunTime:0.001000s ]
INFO: [ app_end ] --START--
INFO: Run Behavior\ShowPageTraceBehavior [ RunTime:0.000000s ]
INFO: [ app_end ] --END-- [ RunTime:0.000000s ]

[ 2017-05-03T19:31:00+08:00 ] 127.0.0.1 /index.php/Adminc/Topic/ls?sdate=2017-05-03
INFO: [ app_init ] --START--
INFO: Run Behavior\BuildLiteBehavior [ RunTime:0.001000s ]
INFO: [ app_init ] --END-- [ RunTime:0.001000s ]
INFO: [ app_begin ] --START--
INFO: Run Behavior\ReadHtmlCacheBehavior [ RunTime:0.000000s ]
INFO: [ app_begin ] --END-- [ RunTime:0.000000s ]
SQL: SHOW COLUMNS FROM `think_auth_group_access` [ RunTime:0.0070s ]
SQL: SELECT `uid`,`group_id`,`title`,`rules` FROM think_auth_group_access a INNER JOIN think_auth_group g on a.group_id=g.id  WHERE ( a.uid='5' and g.status='1' )  [ RunTime:0.0000s ]
SQL: SHOW COLUMNS FROM `think_auth_rule` [ RunTime:0.0080s ]
SQL: SELECT `condition`,`name` FROM `think_auth_rule` WHERE `id` IN ('3','4','5') AND `type` = 1 AND `status` = 1  [ RunTime:0.0000s ]
INFO: [ view_parse ] --START--
INFO: [ template_filter ] --START--
INFO: Run Behavior\ContentReplaceBehavior [ RunTime:0.000000s ]
INFO: [ template_filter ] --END-- [ RunTime:0.000000s ]
INFO: Run Behavior\ParseTemplateBehavior [ RunTime:0.006001s ]
INFO: [ view_parse ] --END-- [ RunTime:0.006001s ]
INFO: [ view_filter ] --START--
INFO: Run Behavior\WriteHtmlCacheBehavior [ RunTime:0.001000s ]
INFO: [ view_filter ] --END-- [ RunTime:0.001000s ]

[ 2017-05-03T19:31:04+08:00 ] 127.0.0.1 /index.php/Adminc/Topic/ls?sdate=2017-05-02
INFO: [ app_init ] --START--
INFO: Run Behavior\BuildLiteBehavior [ RunTime:0.000000s ]
INFO: [ app_init ] --END-- [ RunTime:0.000000s ]
INFO: [ app_begin ] --START--
INFO: Run Behavior\ReadHtmlCacheBehavior [ RunTime:0.001000s ]
INFO: [ app_begin ] --END-- [ RunTime:0.001000s ]
SQL: SHOW COLUMNS FROM `think_auth_group_access` [ RunTime:0.0070s ]
SQL: SELECT `uid`,`group_id`,`title`,`rules` FROM think_auth_group_access a INNER JOIN think_auth_group g on a.group_id=g.id  WHERE ( a.uid='5' and g.status='1' )  [ RunTime:0.0000s ]
SQL: SHOW COLUMNS FROM `think_auth_rule` [ RunTime:0.0080s ]
SQL: SELECT `condition`,`name` FROM `think_auth_rule` WHERE `id` IN ('3','4','5') AND `type` = 1 AND `status` = 1  [ RunTime:0.0000s ]
INFO: [ view_parse ] --START--
INFO: [ template_filter ] --START--
INFO: Run Behavior\ContentReplaceBehavior [ RunTime:0.000000s ]
INFO: [ template_filter ] --END-- [ RunTime:0.000000s ]
INFO: Run Behavior\ParseTemplateBehavior [ RunTime:0.005000s ]
INFO: [ view_parse ] --END-- [ RunTime:0.006000s ]
INFO: [ view_filter ] --START--
INFO: Run Behavior\WriteHtmlCacheBehavior [ RunTime:0.001001s ]
INFO: [ view_filter ] --END-- [ RunTime:0.001001s ]

[ 2017-05-03T19:31:28+08:00 ] 127.0.0.1 /index.php/Adminc/Frame/index.html
INFO: [ app_init ] --START--
INFO: Run Behavior\BuildLiteBehavior [ RunTime:0.000000s ]
INFO: [ app_init ] --END-- [ RunTime:0.001000s ]
INFO: [ app_begin ] --START--
INFO: Run Behavior\ReadHtmlCacheBehavior [ RunTime:0.001000s ]
INFO: [ app_begin ] --END-- [ RunTime:0.001000s ]
SQL: SHOW COLUMNS FROM `think_auth_group_access` [ RunTime:0.0080s ]
SQL: SELECT `uid`,`group_id`,`title`,`rules` FROM think_auth_group_access a INNER JOIN think_auth_group g on a.group_id=g.id  WHERE ( a.uid='5' and g.status='1' )  [ RunTime:0.0000s ]
SQL: SHOW COLUMNS FROM `think_auth_rule` [ RunTime:0.0080s ]
SQL: SELECT `condition`,`name` FROM `think_auth_rule` WHERE `id` IN ('3','4','5') AND `type` = 1 AND `status` = 1  [ RunTime:0.0000s ]
SQL: SELECT COUNT(*) AS tp_count FROM `think_frame_base` LIMIT 1   [ RunTime:0.0000s ]
SQL: SELECT * FROM `think_frame_base` ORDER BY `order` asc,Id desc,create_time desc LIMIT 0,30   [ RunTime:0.0000s ]
INFO: [ view_parse ] --START--
INFO: [ template_filter ] --START--
INFO: Run Behavior\ContentReplaceBehavior [ RunTime:0.000000s ]
INFO: [ template_filter ] --END-- [ RunTime:0.000000s ]
NOTIC: [8] Undefined index: html E:\tongqin\test\Apps\Runtime\Cache\Adminc\90adc74bd210f98c70b549655617c407.php 第 116 行.
NOTIC: [8] Undefined index: html E:\tongqin\test\Apps\Runtime\Cache\Adminc\90adc74bd210f98c70b549655617c407.php 第 116 行.
INFO: Run Behavior\ParseTemplateBehavior [ RunTime:0.009000s ]
INFO: [ view_parse ] --END-- [ RunTime:0.009000s ]
INFO: [ view_filter ] --START--
INFO: Run Behavior\WriteHtmlCacheBehavior [ RunTime:0.001001s ]
INFO: [ view_filter ] --END-- [ RunTime:0.001001s ]
INFO: [ app_end ] --START--
INFO: Run Behavior\ShowPageTraceBehavior [ RunTime:0.000000s ]
INFO: [ app_end ] --END-- [ RunTime:0.000000s ]

[ 2017-05-03T19:31:32+08:00 ] 127.0.0.1 /index.php/Adminc/Frame/add.html
INFO: [ app_init ] --START--
INFO: Run Behavior\BuildLiteBehavior [ RunTime:0.001000s ]
INFO: [ app_init ] --END-- [ RunTime:0.001000s ]
INFO: [ app_begin ] --START--
INFO: Run Behavior\ReadHtmlCacheBehavior [ RunTime:0.001000s ]
INFO: [ app_begin ] --END-- [ RunTime:0.001000s ]
SQL: SHOW COLUMNS FROM `think_auth_group_access` [ RunTime:0.0090s ]
SQL: SELECT `uid`,`group_id`,`title`,`rules` FROM think_auth_group_access a INNER JOIN think_auth_group g on a.group_id=g.id  WHERE ( a.uid='5' and g.status='1' )  [ RunTime:0.0010s ]
SQL: SHOW COLUMNS FROM `think_auth_rule` [ RunTime:0.0060s ]
SQL: SELECT `condition`,`name` FROM `think_auth_rule` WHERE `id` IN ('3','4','5') AND `type` = 1 AND `status` = 1  [ RunTime:0.0000s ]
INFO: [ view_parse ] --START--
INFO: [ template_filter ] --START--
INFO: Run Behavior\ContentReplaceBehavior [ RunTime:0.001001s ]
INFO: [ template_filter ] --END-- [ RunTime:0.001001s ]
NOTIC: [8] Undefined variable: data E:\tongqin\test\Apps\Runtime\Cache\Adminc\4877a517c2e77460af89502c0269457b.php 第 81 行.
NOTIC: [8] Undefined variable: data E:\tongqin\test\Apps\Runtime\Cache\Adminc\4877a517c2e77460af89502c0269457b.php 第 87 行.
NOTIC: [8] Undefined variable: data E:\tongqin\test\Apps\Runtime\Cache\Adminc\4877a517c2e77460af89502c0269457b.php 第 95 行.
NOTIC: [8] Undefined variable: data E:\tongqin\test\Apps\Runtime\Cache\Adminc\4877a517c2e77460af89502c0269457b.php 第 105 行.
NOTIC: [8] Undefined variable: data E:\tongqin\test\Apps\Runtime\Cache\Adminc\4877a517c2e77460af89502c0269457b.php 第 105 行.
NOTIC: [8] Undefined variable: data E:\tongqin\test\Apps\Runtime\Cache\Adminc\4877a517c2e77460af89502c0269457b.php 第 114 行.
NOTIC: [8] Undefined variable: data E:\tongqin\test\Apps\Runtime\Cache\Adminc\4877a517c2e77460af89502c0269457b.php 第 122 行.
NOTIC: [8] Undefined variable: data E:\tongqin\test\Apps\Runtime\Cache\Adminc\4877a517c2e77460af89502c0269457b.php 第 130 行.
NOTIC: [8] Undefined variable: data E:\tongqin\test\Apps\Runtime\Cache\Adminc\4877a517c2e77460af89502c0269457b.php 第 141 行.
NOTIC: [8] Undefined variable: data E:\tongqin\test\Apps\Runtime\Cache\Adminc\4877a517c2e77460af89502c0269457b.php 第 165 行.
INFO: Run Behavior\ParseTemplateBehavior [ RunTime:0.009001s ]
INFO: [ view_parse ] --END-- [ RunTime:0.009001s ]
INFO: [ view_filter ] --START--
INFO: Run Behavior\WriteHtmlCacheBehavior [ RunTime:0.000000s ]
INFO: [ view_filter ] --END-- [ RunTime:0.000000s ]
INFO: [ app_end ] --START--
INFO: Run Behavior\ShowPageTraceBehavior [ RunTime:0.001000s ]
INFO: [ app_end ] --END-- [ RunTime:0.001000s ]

[ 2017-05-03T19:31:43+08:00 ] 127.0.0.1 /index.php/Adminc/Upload/manager.html?path=&order=NAME&dir=image&1493811103905
INFO: [ app_init ] --START--
INFO: Run Behavior\BuildLiteBehavior [ RunTime:0.000000s ]
INFO: [ app_init ] --END-- [ RunTime:0.001000s ]
INFO: [ app_begin ] --START--
INFO: Run Behavior\ReadHtmlCacheBehavior [ RunTime:0.001000s ]
INFO: [ app_begin ] --END-- [ RunTime:0.001000s ]
NOTIC: [8] Undefined variable: dir_name E:\tongqin\test\Apps\Common\Service\UploadService.class.php 第 44 行.
NOTIC: [2] usort() expects parameter 2 to be a valid callback, function 'cmp_func' not found or invalid function name E:\tongqin\test\Apps\Common\Service\UploadService.class.php 第 122 行.

[ 2017-05-03T19:31:44+08:00 ] 127.0.0.1 /index.php/Adminc/Upload/manager.html?path=20170503%2F&order=NAME&dir=image&1493811104510
INFO: [ app_init ] --START--
INFO: Run Behavior\BuildLiteBehavior [ RunTime:0.000000s ]
INFO: [ app_init ] --END-- [ RunTime:0.000000s ]
INFO: [ app_begin ] --START--
INFO: Run Behavior\ReadHtmlCacheBehavior [ RunTime:0.001000s ]
INFO: [ app_begin ] --END-- [ RunTime:0.001000s ]
NOTIC: [8] Undefined variable: dir_name E:\tongqin\test\Apps\Common\Service\UploadService.class.php 第 44 行.
NOTIC: [2] usort() expects parameter 2 to be a valid callback, function 'cmp_func' not found or invalid function name E:\tongqin\test\Apps\Common\Service\UploadService.class.php 第 122 行.

[ 2017-05-03T19:31:49+08:00 ] 127.0.0.1 /index.php/Adminc/Frame/add
INFO: [ app_init ] --START--
INFO: Run Behavior\BuildLiteBehavior [ RunTime:0.000000s ]
INFO: [ app_init ] --END-- [ RunTime:0.000000s ]
INFO: [ app_begin ] --START--
INFO: Run Behavior\ReadHtmlCacheBehavior [ RunTime:0.001000s ]
INFO: [ app_begin ] --END-- [ RunTime:0.001000s ]
SQL: SHOW COLUMNS FROM `think_auth_group_access` [ RunTime:0.0100s ]
SQL: SELECT `uid`,`group_id`,`title`,`rules` FROM think_auth_group_access a INNER JOIN think_auth_group g on a.group_id=g.id  WHERE ( a.uid='5' and g.status='1' )  [ RunTime:0.0000s ]
SQL: SHOW COLUMNS FROM `think_auth_rule` [ RunTime:0.0080s ]
SQL: SELECT `condition`,`name` FROM `think_auth_rule` WHERE `id` IN ('3','4','5') AND `type` = 1 AND `status` = 1  [ RunTime:0.0000s ]
NOTIC: [8] Undefined index: validate E:\tongqin\test\ThinkPHP\Library\Think\Model.class.php 第 1189 行.
NOTIC: [8] Undefined index: auto E:\tongqin\test\ThinkPHP\Library\Think\Model.class.php 第 1132 行.
NOTIC: [8] Undefined index: order E:\tongqin\test\Apps\Adminc\Model\FrameBaseModel.class.php 第 19 行.
SQL: INSERT INTO `think_frame_base` (`Id`,`title`,`title_sub`,`parent_id`,`img`,`pagesize`,`remark`,`is_nav`,`state`,`create_time`,`create_ip`) VALUES ('0','test','','0','/Public/attached/20170503/5909497d65d2b.jpg','20','','1','1','1493811109','127.0.0.1') [ RunTime:0.1660s ]

[ 2017-05-03T19:31:51+08:00 ] 127.0.0.1 /index.php/Adminc/Frame/index.html
INFO: [ app_init ] --START--
INFO: Run Behavior\BuildLiteBehavior [ RunTime:0.000000s ]
INFO: [ app_init ] --END-- [ RunTime:0.000000s ]
INFO: [ app_begin ] --START--
INFO: Run Behavior\ReadHtmlCacheBehavior [ RunTime:0.001001s ]
INFO: [ app_begin ] --END-- [ RunTime:0.001001s ]
SQL: SHOW COLUMNS FROM `think_auth_group_access` [ RunTime:0.0070s ]
SQL: SELECT `uid`,`group_id`,`title`,`rules` FROM think_auth_group_access a INNER JOIN think_auth_group g on a.group_id=g.id  WHERE ( a.uid='5' and g.status='1' )  [ RunTime:0.0000s ]
SQL: SHOW COLUMNS FROM `think_auth_rule` [ RunTime:0.0060s ]
SQL: SELECT `condition`,`name` FROM `think_auth_rule` WHERE `id` IN ('3','4','5') AND `type` = 1 AND `status` = 1  [ RunTime:0.0000s ]
SQL: SELECT COUNT(*) AS tp_count FROM `think_frame_base` LIMIT 1   [ RunTime:0.0000s ]
SQL: SELECT * FROM `think_frame_base` ORDER BY `order` asc,Id desc,create_time desc LIMIT 0,30   [ RunTime:0.0000s ]
INFO: [ view_parse ] --START--
INFO: [ template_filter ] --START--
INFO: Run Behavior\ContentReplaceBehavior [ RunTime:0.000000s ]
INFO: [ template_filter ] --END-- [ RunTime:0.000000s ]
NOTIC: [8] Undefined index: html E:\tongqin\test\Apps\Runtime\Cache\Adminc\90adc74bd210f98c70b549655617c407.php 第 116 行.
NOTIC: [8] Undefined index: html E:\tongqin\test\Apps\Runtime\Cache\Adminc\90adc74bd210f98c70b549655617c407.php 第 116 行.
NOTIC: [8] Undefined index: html E:\tongqin\test\Apps\Runtime\Cache\Adminc\90adc74bd210f98c70b549655617c407.php 第 116 行.
INFO: Run Behavior\ParseTemplateBehavior [ RunTime:0.010001s ]
INFO: [ view_parse ] --END-- [ RunTime:0.010001s ]
INFO: [ view_filter ] --START--
INFO: Run Behavior\WriteHtmlCacheBehavior [ RunTime:0.000000s ]
INFO: [ view_filter ] --END-- [ RunTime:0.000000s ]
INFO: [ app_end ] --START--
INFO: Run Behavior\ShowPageTraceBehavior [ RunTime:0.001000s ]
INFO: [ app_end ] --END-- [ RunTime:0.001000s ]

[ 2017-05-03T19:32:00+08:00 ] 127.0.0.1 /index.php/Adminc/Auth/index.html
INFO: [ app_init ] --START--
INFO: Run Behavior\BuildLiteBehavior [ RunTime:0.000000s ]
INFO: [ app_init ] --END-- [ RunTime:0.001000s ]
INFO: [ app_begin ] --START--
INFO: Run Behavior\ReadHtmlCacheBehavior [ RunTime:0.001000s ]
INFO: [ app_begin ] --END-- [ RunTime:0.001000s ]
SQL: SHOW COLUMNS FROM `think_auth_group_access` [ RunTime:0.0090s ]
SQL: SELECT `uid`,`group_id`,`title`,`rules` FROM think_auth_group_access a INNER JOIN think_auth_group g on a.group_id=g.id  WHERE ( a.uid='5' and g.status='1' )  [ RunTime:0.0010s ]
SQL: SHOW COLUMNS FROM `think_auth_rule` [ RunTime:0.0090s ]
SQL: SELECT `condition`,`name` FROM `think_auth_rule` WHERE `id` IN ('3','4','5') AND `type` = 1 AND `status` = 1  [ RunTime:0.0010s ]
SQL: SHOW COLUMNS FROM `think_auth_rule` [ RunTime:0.0090s ]
SQL: SELECT * FROM `think_auth_rule` ORDER BY `order` asc  [ RunTime:0.0010s ]
INFO: [ view_parse ] --START--
INFO: [ template_filter ] --START--
INFO: Run Behavior\ContentReplaceBehavior [ RunTime:0.000000s ]
INFO: [ template_filter ] --END-- [ RunTime:0.000000s ]
NOTIC: [8] Undefined variable: page E:\tongqin\test\Apps\Runtime\Cache\Adminc\94d17041421483e7dd7de81a08c432b3.php 第 111 行.
INFO: Run Behavior\ParseTemplateBehavior [ RunTime:0.014001s ]
INFO: [ view_parse ] --END-- [ RunTime:0.014001s ]
INFO: [ view_filter ] --START--
INFO: Run Behavior\WriteHtmlCacheBehavior [ RunTime:0.001000s ]
INFO: [ view_filter ] --END-- [ RunTime:0.001000s ]
INFO: [ app_end ] --START--
INFO: Run Behavior\ShowPageTraceBehavior [ RunTime:0.001000s ]
INFO: [ app_end ] --END-- [ RunTime:0.001000s ]

[ 2017-05-03T19:32:25+08:00 ] 127.0.0.1 /index.php/Adminc/Group/index.html
INFO: [ app_init ] --START--
INFO: Run Behavior\BuildLiteBehavior [ RunTime:0.000000s ]
INFO: [ app_init ] --END-- [ RunTime:0.000000s ]
INFO: [ app_begin ] --START--
INFO: Run Behavior\ReadHtmlCacheBehavior [ RunTime:0.001000s ]
INFO: [ app_begin ] --END-- [ RunTime:0.001000s ]
SQL: SHOW COLUMNS FROM `think_auth_group_access` [ RunTime:0.0080s ]
SQL: SELECT `uid`,`group_id`,`title`,`rules` FROM think_auth_group_access a INNER JOIN think_auth_group g on a.group_id=g.id  WHERE ( a.uid='5' and g.status='1' )  [ RunTime:0.0010s ]
SQL: SHOW COLUMNS FROM `think_auth_rule` [ RunTime:0.0080s ]
SQL: SELECT `condition`,`name` FROM `think_auth_rule` WHERE `id` IN ('3','4','5') AND `type` = 1 AND `status` = 1  [ RunTime:0.0010s ]
SQL: SHOW COLUMNS FROM `think_auth_group` [ RunTime:0.0080s ]
SQL: SELECT * FROM `think_auth_group`  [ RunTime:0.0010s ]
INFO: [ view_parse ] --START--
INFO: [ template_filter ] --START--
INFO: Run Behavior\ContentReplaceBehavior [ RunTime:0.001000s ]
INFO: [ template_filter ] --END-- [ RunTime:0.001000s ]
NOTIC: [8] Undefined variable: page E:\tongqin\test\Apps\Runtime\Cache\Adminc\e7290f1f2e6dc4af81233da0b340d859.php 第 110 行.
INFO: Run Behavior\ParseTemplateBehavior [ RunTime:0.010000s ]
INFO: [ view_parse ] --END-- [ RunTime:0.010000s ]
INFO: [ view_filter ] --START--
INFO: Run Behavior\WriteHtmlCacheBehavior [ RunTime:0.001000s ]
INFO: [ view_filter ] --END-- [ RunTime:0.001000s ]
INFO: [ app_end ] --START--
INFO: Run Behavior\ShowPageTraceBehavior [ RunTime:0.000000s ]
INFO: [ app_end ] --END-- [ RunTime:0.001000s ]

[ 2017-05-03T19:32:26+08:00 ] 127.0.0.1 /index.php/Adminc/Group/rules/id/3.html
INFO: [ app_init ] --START--
INFO: Run Behavior\BuildLiteBehavior [ RunTime:0.000000s ]
INFO: [ app_init ] --END-- [ RunTime:0.000000s ]
INFO: [ app_begin ] --START--
INFO: Run Behavior\ReadHtmlCacheBehavior [ RunTime:0.001000s ]
INFO: [ app_begin ] --END-- [ RunTime:0.001000s ]
SQL: SHOW COLUMNS FROM `think_auth_group_access` [ RunTime:0.0090s ]
SQL: SELECT `uid`,`group_id`,`title`,`rules` FROM think_auth_group_access a INNER JOIN think_auth_group g on a.group_id=g.id  WHERE ( a.uid='5' and g.status='1' )  [ RunTime:0.0000s ]
SQL: SHOW COLUMNS FROM `think_auth_rule` [ RunTime:0.0060s ]
SQL: SELECT `condition`,`name` FROM `think_auth_rule` WHERE `id` IN ('3','4','5') AND `type` = 1 AND `status` = 1  [ RunTime:0.0000s ]
SQL: SELECT * FROM `think_auth_group` WHERE ( id = 3 ) LIMIT 1   [ RunTime:0.0000s ]
INFO: [ view_parse ] --START--
INFO: [ template_filter ] --START--
INFO: Run Behavior\ContentReplaceBehavior [ RunTime:0.000000s ]
INFO: [ template_filter ] --END-- [ RunTime:0.000000s ]
NOTIC: [8] Use of undefined constant level - assumed 'level' E:\tongqin\test\Apps\Runtime\Cache\Adminc\4da60ba0cecc493cbb87197d14526552.php 第 98 行.
NOTIC: [8] Use of undefined constant level - assumed 'level' E:\tongqin\test\Apps\Runtime\Cache\Adminc\4da60ba0cecc493cbb87197d14526552.php 第 98 行.
NOTIC: [8] Use of undefined constant level - assumed 'level' E:\tongqin\test\Apps\Runtime\Cache\Adminc\4da60ba0cecc493cbb87197d14526552.php 第 98 行.
NOTIC: [8] Use of undefined constant level - assumed 'level' E:\tongqin\test\Apps\Runtime\Cache\Adminc\4da60ba0cecc493cbb87197d14526552.php 第 98 行.
NOTIC: [8] Use of undefined constant level - assumed 'level' E:\tongqin\test\Apps\Runtime\Cache\Adminc\4da60ba0cecc493cbb87197d14526552.php 第 98 行.
NOTIC: [8] Use of undefined constant level - assumed 'level' E:\tongqin\test\Apps\Runtime\Cache\Adminc\4da60ba0cecc493cbb87197d14526552.php 第 98 行.
INFO: Run Behavior\ParseTemplateBehavior [ RunTime:0.010000s ]
INFO: [ view_parse ] --END-- [ RunTime:0.010000s ]
INFO: [ view_filter ] --START--
INFO: Run Behavior\WriteHtmlCacheBehavior [ RunTime:0.000000s ]
INFO: [ view_filter ] --END-- [ RunTime:0.000000s ]
INFO: [ app_end ] --START--
INFO: Run Behavior\ShowPageTraceBehavior [ RunTime:0.000000s ]
INFO: [ app_end ] --END-- [ RunTime:0.000000s ]

[ 2017-05-03T19:32:34+08:00 ] 127.0.0.1 /index.php/Adminc/Group/rules.html
INFO: [ app_init ] --START--
INFO: Run Behavior\BuildLiteBehavior [ RunTime:0.000000s ]
INFO: [ app_init ] --END-- [ RunTime:0.001000s ]
INFO: [ app_begin ] --START--
INFO: Run Behavior\ReadHtmlCacheBehavior [ RunTime:0.000000s ]
INFO: [ app_begin ] --END-- [ RunTime:0.000000s ]
SQL: SHOW COLUMNS FROM `think_auth_group_access` [ RunTime:0.0100s ]
SQL: SELECT `uid`,`group_id`,`title`,`rules` FROM think_auth_group_access a INNER JOIN think_auth_group g on a.group_id=g.id  WHERE ( a.uid='5' and g.status='1' )  [ RunTime:0.0000s ]
SQL: SHOW COLUMNS FROM `think_auth_rule` [ RunTime:0.0070s ]
SQL: SELECT `condition`,`name` FROM `think_auth_rule` WHERE `id` IN ('3','4','5') AND `type` = 1 AND `status` = 1  [ RunTime:0.0000s ]
SQL: UPDATE `think_auth_group` SET `rules`='3,4,5,6' WHERE ( id = 3 ) [ RunTime:0.0000s ]

[ 2017-05-03T19:32:36+08:00 ] 127.0.0.1 /index.php/Adminc/Group/index.html
INFO: [ app_init ] --START--
INFO: Run Behavior\BuildLiteBehavior [ RunTime:0.000000s ]
INFO: [ app_init ] --END-- [ RunTime:0.000000s ]
INFO: [ app_begin ] --START--
INFO: Run Behavior\ReadHtmlCacheBehavior [ RunTime:0.001000s ]
INFO: [ app_begin ] --END-- [ RunTime:0.001000s ]
SQL: SHOW COLUMNS FROM `think_auth_group_access` [ RunTime:0.0090s ]
SQL: SELECT `uid`,`group_id`,`title`,`rules` FROM think_auth_group_access a INNER JOIN think_auth_group g on a.group_id=g.id  WHERE ( a.uid='5' and g.status='1' )  [ RunTime:0.0010s ]
SQL: SHOW COLUMNS FROM `think_auth_rule` [ RunTime:0.0060s ]
SQL: SELECT `condition`,`name` FROM `think_auth_rule` WHERE `id` IN ('3','4','5','6') AND `type` = 1 AND `status` = 1  [ RunTime:0.0000s ]
SQL: SELECT * FROM `think_auth_group`  [ RunTime:0.0000s ]
INFO: [ view_parse ] --START--
INFO: [ template_filter ] --START--
INFO: Run Behavior\ContentReplaceBehavior [ RunTime:0.000000s ]
INFO: [ template_filter ] --END-- [ RunTime:0.000000s ]
NOTIC: [8] Undefined variable: page E:\tongqin\test\Apps\Runtime\Cache\Adminc\e7290f1f2e6dc4af81233da0b340d859.php 第 110 行.
INFO: Run Behavior\ParseTemplateBehavior [ RunTime:0.008001s ]
INFO: [ view_parse ] --END-- [ RunTime:0.008001s ]
INFO: [ view_filter ] --START--
INFO: Run Behavior\WriteHtmlCacheBehavior [ RunTime:0.000000s ]
INFO: [ view_filter ] --END-- [ RunTime:0.000000s ]
INFO: [ app_end ] --START--
INFO: Run Behavior\ShowPageTraceBehavior [ RunTime:0.000000s ]
INFO: [ app_end ] --END-- [ RunTime:0.000000s ]

[ 2017-05-03T19:32:57+08:00 ] 127.0.0.1 /index.php/Adminc/Admins/index.html
INFO: [ app_init ] --START--
INFO: Run Behavior\BuildLiteBehavior [ RunTime:0.000000s ]
INFO: [ app_init ] --END-- [ RunTime:0.001000s ]
INFO: [ app_begin ] --START--
INFO: Run Behavior\ReadHtmlCacheBehavior [ RunTime:0.000000s ]
INFO: [ app_begin ] --END-- [ RunTime:0.000000s ]
SQL: SHOW COLUMNS FROM `think_auth_group_access` [ RunTime:0.0060s ]
SQL: SELECT `uid`,`group_id`,`title`,`rules` FROM think_auth_group_access a INNER JOIN think_auth_group g on a.group_id=g.id  WHERE ( a.uid='5' and g.status='1' )  [ RunTime:0.0000s ]
SQL: SHOW COLUMNS FROM `think_auth_rule` [ RunTime:0.0070s ]
SQL: SELECT `condition`,`name` FROM `think_auth_rule` WHERE `id` IN ('3','4','5','6') AND `type` = 1 AND `status` = 1  [ RunTime:0.0010s ]
SQL: SELECT COUNT(*) AS tp_count FROM `think_admin_base` LIMIT 1   [ RunTime:0.0010s ]
SQL: SHOW COLUMNS FROM `think_admin_base` [ RunTime:0.0060s ]
SQL: SELECT a.id as id,a.name as name,g.title as title,a.nickname as nickname,a.email as email,g.title as title,a.create_time as create_time,a.create_ip as create_ip FROM think_admin_base a left join `think_auth_group` g on g.id = a.group   ORDER BY a.order asc,a.Id desc,a.create_time desc LIMIT 0,30   [ RunTime:0.0000s ]
INFO: [ view_parse ] --START--
INFO: [ template_filter ] --START--
INFO: Run Behavior\ContentReplaceBehavior [ RunTime:0.000000s ]
INFO: [ template_filter ] --END-- [ RunTime:0.000000s ]
INFO: Run Behavior\ParseTemplateBehavior [ RunTime:0.009001s ]
INFO: [ view_parse ] --END-- [ RunTime:0.009001s ]
INFO: [ view_filter ] --START--
INFO: Run Behavior\WriteHtmlCacheBehavior [ RunTime:0.001000s ]
INFO: [ view_filter ] --END-- [ RunTime:0.001000s ]
INFO: [ app_end ] --START--
INFO: Run Behavior\ShowPageTraceBehavior [ RunTime:0.000000s ]
INFO: [ app_end ] --END-- [ RunTime:0.000000s ]

[ 2017-05-03T19:32:59+08:00 ] 127.0.0.1 /index.php/Adminc/Admins/edit/id/5.html
INFO: [ app_init ] --START--
INFO: Run Behavior\BuildLiteBehavior [ RunTime:0.000000s ]
INFO: [ app_init ] --END-- [ RunTime:0.001000s ]
INFO: [ app_begin ] --START--
INFO: Run Behavior\ReadHtmlCacheBehavior [ RunTime:0.001000s ]
INFO: [ app_begin ] --END-- [ RunTime:0.001000s ]
SQL: SHOW COLUMNS FROM `think_auth_group_access` [ RunTime:0.0080s ]
SQL: SELECT `uid`,`group_id`,`title`,`rules` FROM think_auth_group_access a INNER JOIN think_auth_group g on a.group_id=g.id  WHERE ( a.uid='5' and g.status='1' )  [ RunTime:0.0000s ]
SQL: SHOW COLUMNS FROM `think_auth_rule` [ RunTime:0.0070s ]
SQL: SELECT `condition`,`name` FROM `think_auth_rule` WHERE `id` IN ('3','4','5','6') AND `type` = 1 AND `status` = 1  [ RunTime:0.0000s ]
SQL: SELECT * FROM `think_admin_base` WHERE ( id = 5 ) LIMIT 1   [ RunTime:0.0000s ]
INFO: [ view_parse ] --START--
INFO: [ template_filter ] --START--
INFO: Run Behavior\ContentReplaceBehavior [ RunTime:0.000000s ]
INFO: [ template_filter ] --END-- [ RunTime:0.000000s ]
SQL: SELECT * FROM `think_auth_group` WHERE ( status = 1 )  [ RunTime:0.0000s ]
INFO: Run Behavior\ParseTemplateBehavior [ RunTime:0.009000s ]
INFO: [ view_parse ] --END-- [ RunTime:0.009000s ]
INFO: [ view_filter ] --START--
INFO: Run Behavior\WriteHtmlCacheBehavior [ RunTime:0.000000s ]
INFO: [ view_filter ] --END-- [ RunTime:0.000000s ]
INFO: [ app_end ] --START--
INFO: Run Behavior\ShowPageTraceBehavior [ RunTime:0.001000s ]
INFO: [ app_end ] --END-- [ RunTime:0.001000s ]

[ 2017-05-03T19:33:28+08:00 ] 127.0.0.1 /index.php/Adminc/Topic/index.html
INFO: [ app_init ] --START--
INFO: Run Behavior\BuildLiteBehavior [ RunTime:0.000000s ]
INFO: [ app_init ] --END-- [ RunTime:0.001001s ]
INFO: [ app_begin ] --START--
INFO: Run Behavior\ReadHtmlCacheBehavior [ RunTime:0.000000s ]
INFO: [ app_begin ] --END-- [ RunTime:0.000000s ]
SQL: SHOW COLUMNS FROM `think_auth_group_access` [ RunTime:0.0070s ]
SQL: SELECT `uid`,`group_id`,`title`,`rules` FROM think_auth_group_access a INNER JOIN think_auth_group g on a.group_id=g.id  WHERE ( a.uid='5' and g.status='1' )  [ RunTime:0.0000s ]
SQL: SHOW COLUMNS FROM `think_auth_rule` [ RunTime:0.0070s ]
SQL: SELECT `condition`,`name` FROM `think_auth_rule` WHERE `id` IN ('3','4','5','6') AND `type` = 1 AND `status` = 1  [ RunTime:0.0000s ]
INFO: [ view_parse ] --START--
INFO: [ template_filter ] --START--
INFO: Run Behavior\ContentReplaceBehavior [ RunTime:0.000000s ]
INFO: [ template_filter ] --END-- [ RunTime:0.000000s ]
SQL: SELECT * FROM `think_frame_base` WHERE ( state = 1 ) ORDER BY `order` asc,Id desc,create_time desc  [ RunTime:0.0010s ]
INFO: Run Behavior\ParseTemplateBehavior [ RunTime:0.014001s ]
INFO: [ view_parse ] --END-- [ RunTime:0.014001s ]
INFO: [ view_filter ] --START--
INFO: Run Behavior\WriteHtmlCacheBehavior [ RunTime:0.000000s ]
INFO: [ view_filter ] --END-- [ RunTime:0.000000s ]
INFO: [ app_end ] --START--
INFO: Run Behavior\ShowPageTraceBehavior [ RunTime:0.001000s ]
INFO: [ app_end ] --END-- [ RunTime:0.001000s ]

[ 2017-05-03T19:33:29+08:00 ] 127.0.0.1 /index.php/Adminc/Topic/add.html
INFO: [ app_init ] --START--
INFO: Run Behavior\BuildLiteBehavior [ RunTime:0.000000s ]
INFO: [ app_init ] --END-- [ RunTime:0.001000s ]
INFO: [ app_begin ] --START--
INFO: Run Behavior\ReadHtmlCacheBehavior [ RunTime:0.001000s ]
INFO: [ app_begin ] --END-- [ RunTime:0.001000s ]
SQL: SHOW COLUMNS FROM `think_auth_group_access` [ RunTime:0.0070s ]
SQL: SELECT `uid`,`group_id`,`title`,`rules` FROM think_auth_group_access a INNER JOIN think_auth_group g on a.group_id=g.id  WHERE ( a.uid='5' and g.status='1' )  [ RunTime:0.0010s ]
SQL: SHOW COLUMNS FROM `think_auth_rule` [ RunTime:0.0060s ]
SQL: SELECT `condition`,`name` FROM `think_auth_rule` WHERE `id` IN ('3','4','5','6') AND `type` = 1 AND `status` = 1  [ RunTime:0.0000s ]
INFO: [ view_parse ] --START--
INFO: [ template_filter ] --START--
INFO: Run Behavior\ContentReplaceBehavior [ RunTime:0.000000s ]
INFO: [ template_filter ] --END-- [ RunTime:0.000000s ]
NOTIC: [8] Undefined variable: data E:\tongqin\test\Apps\Runtime\Cache\Adminc\ce175576f76d2399a11b7c38635acb3f.php 第 81 行.
NOTIC: [8] Undefined variable: data E:\tongqin\test\Apps\Runtime\Cache\Adminc\ce175576f76d2399a11b7c38635acb3f.php 第 87 行.
NOTIC: [8] Undefined variable: data E:\tongqin\test\Apps\Runtime\Cache\Adminc\ce175576f76d2399a11b7c38635acb3f.php 第 95 行.
NOTIC: [8] Undefined variable: data E:\tongqin\test\Apps\Runtime\Cache\Adminc\ce175576f76d2399a11b7c38635acb3f.php 第 105 行.
NOTIC: [8] Undefined variable: data E:\tongqin\test\Apps\Runtime\Cache\Adminc\ce175576f76d2399a11b7c38635acb3f.php 第 105 行.
NOTIC: [8] Undefined variable: data E:\tongqin\test\Apps\Runtime\Cache\Adminc\ce175576f76d2399a11b7c38635acb3f.php 第 105 行.
NOTIC: [8] Undefined variable: data E:\tongqin\test\Apps\Runtime\Cache\Adminc\ce175576f76d2399a11b7c38635acb3f.php 第 125 行.
INFO: Run Behavior\ParseTemplateBehavior [ RunTime:0.012000s ]
INFO: [ view_parse ] --END-- [ RunTime:0.012000s ]
INFO: [ view_filter ] --START--
INFO: Run Behavior\WriteHtmlCacheBehavior [ RunTime:0.000000s ]
INFO: [ view_filter ] --END-- [ RunTime:0.000000s ]
INFO: [ app_end ] --START--
INFO: Run Behavior\ShowPageTraceBehavior [ RunTime:0.000000s ]
INFO: [ app_end ] --END-- [ RunTime:0.000000s ]

[ 2017-05-03T19:33:30+08:00 ] 127.0.0.1 /index.php/Adminc/Topic/index.html
INFO: [ app_init ] --START--
INFO: Run Behavior\BuildLiteBehavior [ RunTime:0.000000s ]
INFO: [ app_init ] --END-- [ RunTime:0.001000s ]
INFO: [ app_begin ] --START--
INFO: Run Behavior\ReadHtmlCacheBehavior [ RunTime:0.001000s ]
INFO: [ app_begin ] --END-- [ RunTime:0.002000s ]
SQL: SHOW COLUMNS FROM `think_auth_group_access` [ RunTime:0.0080s ]
SQL: SELECT `uid`,`group_id`,`title`,`rules` FROM think_auth_group_access a INNER JOIN think_auth_group g on a.group_id=g.id  WHERE ( a.uid='5' and g.status='1' )  [ RunTime:0.0000s ]
SQL: SHOW COLUMNS FROM `think_auth_rule` [ RunTime:0.0070s ]
SQL: SELECT `condition`,`name` FROM `think_auth_rule` WHERE `id` IN ('3','4','5','6') AND `type` = 1 AND `status` = 1  [ RunTime:0.0000s ]
INFO: [ view_parse ] --START--
INFO: [ template_filter ] --START--
INFO: Run Behavior\ContentReplaceBehavior [ RunTime:0.000000s ]
INFO: [ template_filter ] --END-- [ RunTime:0.000000s ]
INFO: Run Behavior\ParseTemplateBehavior [ RunTime:0.012000s ]
INFO: [ view_parse ] --END-- [ RunTime:0.012000s ]
INFO: [ view_filter ] --START--
INFO: Run Behavior\WriteHtmlCacheBehavior [ RunTime:0.001000s ]
INFO: [ view_filter ] --END-- [ RunTime:0.001000s ]
INFO: [ app_end ] --START--
INFO: Run Behavior\ShowPageTraceBehavior [ RunTime:0.000000s ]
INFO: [ app_end ] --END-- [ RunTime:0.000000s ]

[ 2017-05-03T19:33:32+08:00 ] 127.0.0.1 /index.php/Adminc/Topic/ls/fid/4.html
INFO: [ app_init ] --START--
INFO: Run Behavior\BuildLiteBehavior [ RunTime:0.000000s ]
INFO: [ app_init ] --END-- [ RunTime:0.000000s ]
INFO: [ app_begin ] --START--
INFO: Run Behavior\ReadHtmlCacheBehavior [ RunTime:0.000000s ]
INFO: [ app_begin ] --END-- [ RunTime:0.000000s ]
SQL: SHOW COLUMNS FROM `think_auth_group_access` [ RunTime:0.0100s ]
SQL: SELECT `uid`,`group_id`,`title`,`rules` FROM think_auth_group_access a INNER JOIN think_auth_group g on a.group_id=g.id  WHERE ( a.uid='5' and g.status='1' )  [ RunTime:0.0000s ]
SQL: SHOW COLUMNS FROM `think_auth_rule` [ RunTime:0.0110s ]
SQL: SELECT `condition`,`name` FROM `think_auth_rule` WHERE `id` IN ('3','4','5','6') AND `type` = 1 AND `status` = 1  [ RunTime:0.0010s ]
SQL: SELECT COUNT(*) AS tp_count FROM think_topic_base topic_base  JOIN think_admin_base admin_base ON topic_base.create_user=admin_base.id WHERE `frame` = 4 LIMIT 1   [ RunTime:0.0000s ]
SQL: SELECT topic_base.id AS id,topic_base.title AS title,topic_base.state AS state,topic_base.is_top AS is_top,topic_base.`order` AS `order`,topic_base.create_time AS create_time,topic_base.create_user AS create_user,admin_base.nickname AS nickname FROM think_topic_base topic_base  JOIN think_admin_base admin_base ON topic_base.create_user=admin_base.id WHERE `frame` = 4 ORDER BY topic_base.is_top desc,topic_base.`order` asc,Id desc,topic_base.create_time desc LIMIT 0,30   [ RunTime:0.0010s ]
INFO: [ view_parse ] --START--
INFO: [ template_filter ] --START--
INFO: Run Behavior\ContentReplaceBehavior [ RunTime:0.000000s ]
INFO: [ template_filter ] --END-- [ RunTime:0.000000s ]
INFO: Run Behavior\ParseTemplateBehavior [ RunTime:0.010000s ]
INFO: [ view_parse ] --END-- [ RunTime:0.010000s ]
INFO: [ view_filter ] --START--
INFO: Run Behavior\WriteHtmlCacheBehavior [ RunTime:0.000000s ]
INFO: [ view_filter ] --END-- [ RunTime:0.000000s ]
INFO: [ app_end ] --START--
INFO: Run Behavior\ShowPageTraceBehavior [ RunTime:0.001000s ]
INFO: [ app_end ] --END-- [ RunTime:0.001000s ]

[ 2017-05-03T19:33:34+08:00 ] 127.0.0.1 /index.php/Adminc/Topic/ls/fid/1.html
INFO: [ app_init ] --START--
INFO: Run Behavior\BuildLiteBehavior [ RunTime:0.000000s ]
INFO: [ app_init ] --END-- [ RunTime:0.001000s ]
INFO: [ app_begin ] --START--
INFO: Run Behavior\ReadHtmlCacheBehavior [ RunTime:0.000000s ]
INFO: [ app_begin ] --END-- [ RunTime:0.000000s ]
SQL: SHOW COLUMNS FROM `think_auth_group_access` [ RunTime:0.0080s ]
SQL: SELECT `uid`,`group_id`,`title`,`rules` FROM think_auth_group_access a INNER JOIN think_auth_group g on a.group_id=g.id  WHERE ( a.uid='5' and g.status='1' )  [ RunTime:0.0000s ]
SQL: SHOW COLUMNS FROM `think_auth_rule` [ RunTime:0.0080s ]
SQL: SELECT `condition`,`name` FROM `think_auth_rule` WHERE `id` IN ('3','4','5','6') AND `type` = 1 AND `status` = 1  [ RunTime:0.0000s ]
SQL: SELECT COUNT(*) AS tp_count FROM think_topic_base topic_base  JOIN think_admin_base admin_base ON topic_base.create_user=admin_base.id WHERE `frame` = 1 LIMIT 1   [ RunTime:0.0000s ]
SQL: SELECT topic_base.id AS id,topic_base.title AS title,topic_base.state AS state,topic_base.is_top AS is_top,topic_base.`order` AS `order`,topic_base.create_time AS create_time,topic_base.create_user AS create_user,admin_base.nickname AS nickname FROM think_topic_base topic_base  JOIN think_admin_base admin_base ON topic_base.create_user=admin_base.id WHERE `frame` = 1 ORDER BY topic_base.is_top desc,topic_base.`order` asc,Id desc,topic_base.create_time desc LIMIT 0,30   [ RunTime:0.0000s ]
INFO: [ view_parse ] --START--
INFO: [ template_filter ] --START--
INFO: Run Behavior\ContentReplaceBehavior [ RunTime:0.000000s ]
INFO: [ template_filter ] --END-- [ RunTime:0.000000s ]
INFO: Run Behavior\ParseTemplateBehavior [ RunTime:0.011001s ]
INFO: [ view_parse ] --END-- [ RunTime:0.011001s ]
INFO: [ view_filter ] --START--
INFO: Run Behavior\WriteHtmlCacheBehavior [ RunTime:0.000000s ]
INFO: [ view_filter ] --END-- [ RunTime:0.000000s ]
INFO: [ app_end ] --START--
INFO: Run Behavior\ShowPageTraceBehavior [ RunTime:0.001000s ]
INFO: [ app_end ] --END-- [ RunTime:0.001000s ]

[ 2017-05-03T19:33:36+08:00 ] 127.0.0.1 /index.php/Adminc/Topic/ls/fid/5.html
INFO: [ app_init ] --START--
INFO: Run Behavior\BuildLiteBehavior [ RunTime:0.000000s ]
INFO: [ app_init ] --END-- [ RunTime:0.001000s ]
INFO: [ app_begin ] --START--
INFO: Run Behavior\ReadHtmlCacheBehavior [ RunTime:0.001000s ]
INFO: [ app_begin ] --END-- [ RunTime:0.001000s ]
SQL: SHOW COLUMNS FROM `think_auth_group_access` [ RunTime:0.0080s ]
SQL: SELECT `uid`,`group_id`,`title`,`rules` FROM think_auth_group_access a INNER JOIN think_auth_group g on a.group_id=g.id  WHERE ( a.uid='5' and g.status='1' )  [ RunTime:0.0000s ]
SQL: SHOW COLUMNS FROM `think_auth_rule` [ RunTime:0.0060s ]
SQL: SELECT `condition`,`name` FROM `think_auth_rule` WHERE `id` IN ('3','4','5','6') AND `type` = 1 AND `status` = 1  [ RunTime:0.0000s ]
SQL: SELECT COUNT(*) AS tp_count FROM think_topic_base topic_base  JOIN think_admin_base admin_base ON topic_base.create_user=admin_base.id WHERE `frame` = 5 LIMIT 1   [ RunTime:0.0000s ]
SQL: SELECT topic_base.id AS id,topic_base.title AS title,topic_base.state AS state,topic_base.is_top AS is_top,topic_base.`order` AS `order`,topic_base.create_time AS create_time,topic_base.create_user AS create_user,admin_base.nickname AS nickname FROM think_topic_base topic_base  JOIN think_admin_base admin_base ON topic_base.create_user=admin_base.id WHERE `frame` = 5 ORDER BY topic_base.is_top desc,topic_base.`order` asc,Id desc,topic_base.create_time desc LIMIT 0,30   [ RunTime:0.0000s ]
INFO: [ view_parse ] --START--
INFO: [ template_filter ] --START--
INFO: Run Behavior\ContentReplaceBehavior [ RunTime:0.000000s ]
INFO: [ template_filter ] --END-- [ RunTime:0.000000s ]
INFO: Run Behavior\ParseTemplateBehavior [ RunTime:0.017001s ]
INFO: [ view_parse ] --END-- [ RunTime:0.017001s ]
INFO: [ view_filter ] --START--
INFO: Run Behavior\WriteHtmlCacheBehavior [ RunTime:0.001000s ]
INFO: [ view_filter ] --END-- [ RunTime:0.001000s ]
INFO: [ app_end ] --START--
INFO: Run Behavior\ShowPageTraceBehavior [ RunTime:0.000000s ]
INFO: [ app_end ] --END-- [ RunTime:0.000000s ]

[ 2017-05-03T19:33:38+08:00 ] 127.0.0.1 /index.php/Adminc/Topic/ls/fid/4.html
INFO: [ app_init ] --START--
INFO: Run Behavior\BuildLiteBehavior [ RunTime:0.000000s ]
INFO: [ app_init ] --END-- [ RunTime:0.000000s ]
INFO: [ app_begin ] --START--
INFO: Run Behavior\ReadHtmlCacheBehavior [ RunTime:0.001000s ]
INFO: [ app_begin ] --END-- [ RunTime:0.001000s ]
SQL: SHOW COLUMNS FROM `think_auth_group_access` [ RunTime:0.0070s ]
SQL: SELECT `uid`,`group_id`,`title`,`rules` FROM think_auth_group_access a INNER JOIN think_auth_group g on a.group_id=g.id  WHERE ( a.uid='5' and g.status='1' )  [ RunTime:0.0000s ]
SQL: SHOW COLUMNS FROM `think_auth_rule` [ RunTime:0.0070s ]
SQL: SELECT `condition`,`name` FROM `think_auth_rule` WHERE `id` IN ('3','4','5','6') AND `type` = 1 AND `status` = 1  [ RunTime:0.0010s ]
SQL: SELECT COUNT(*) AS tp_count FROM think_topic_base topic_base  JOIN think_admin_base admin_base ON topic_base.create_user=admin_base.id WHERE `frame` = 4 LIMIT 1   [ RunTime:0.0010s ]
SQL: SELECT topic_base.id AS id,topic_base.title AS title,topic_base.state AS state,topic_base.is_top AS is_top,topic_base.`order` AS `order`,topic_base.create_time AS create_time,topic_base.create_user AS create_user,admin_base.nickname AS nickname FROM think_topic_base topic_base  JOIN think_admin_base admin_base ON topic_base.create_user=admin_base.id WHERE `frame` = 4 ORDER BY topic_base.is_top desc,topic_base.`order` asc,Id desc,topic_base.create_time desc LIMIT 0,30   [ RunTime:0.0000s ]
INFO: [ view_parse ] --START--
INFO: [ template_filter ] --START--
INFO: Run Behavior\ContentReplaceBehavior [ RunTime:0.000000s ]
INFO: [ template_filter ] --END-- [ RunTime:0.000000s ]
INFO: Run Behavior\ParseTemplateBehavior [ RunTime:0.010001s ]
INFO: [ view_parse ] --END-- [ RunTime:0.010001s ]
INFO: [ view_filter ] --START--
INFO: Run Behavior\WriteHtmlCacheBehavior [ RunTime:0.000000s ]
INFO: [ view_filter ] --END-- [ RunTime:0.000000s ]
INFO: [ app_end ] --START--
INFO: Run Behavior\ShowPageTraceBehavior [ RunTime:0.001000s ]
INFO: [ app_end ] --END-- [ RunTime:0.001000s ]

[ 2017-05-03T19:33:50+08:00 ] 127.0.0.1 /index.php/Adminc/Topic/set.html
INFO: [ app_init ] --START--
INFO: Run Behavior\BuildLiteBehavior [ RunTime:0.000000s ]
INFO: [ app_init ] --END-- [ RunTime:0.001000s ]
INFO: [ app_begin ] --START--
INFO: Run Behavior\ReadHtmlCacheBehavior [ RunTime:0.001000s ]
INFO: [ app_begin ] --END-- [ RunTime:0.001000s ]
SQL: SHOW COLUMNS FROM `think_auth_group_access` [ RunTime:0.0060s ]
SQL: SELECT `uid`,`group_id`,`title`,`rules` FROM think_auth_group_access a INNER JOIN think_auth_group g on a.group_id=g.id  WHERE ( a.uid='5' and g.status='1' )  [ RunTime:0.0000s ]
SQL: SHOW COLUMNS FROM `think_auth_rule` [ RunTime:0.0080s ]
SQL: SELECT `condition`,`name` FROM `think_auth_rule` WHERE `id` IN ('3','4','5','6') AND `type` = 1 AND `status` = 1  [ RunTime:0.0010s ]
SQL: UPDATE `think_topic_base` SET `state`='1' [ RunTime:0.1420s ]

[ 2017-05-03T19:33:52+08:00 ] 127.0.0.1 /index.php/Adminc/Topic/ls/fid/4.html
INFO: [ app_init ] --START--
INFO: Run Behavior\BuildLiteBehavior [ RunTime:0.000000s ]
INFO: [ app_init ] --END-- [ RunTime:0.001000s ]
INFO: [ app_begin ] --START--
INFO: Run Behavior\ReadHtmlCacheBehavior [ RunTime:0.001000s ]
INFO: [ app_begin ] --END-- [ RunTime:0.001000s ]
SQL: SHOW COLUMNS FROM `think_auth_group_access` [ RunTime:0.0070s ]
SQL: SELECT `uid`,`group_id`,`title`,`rules` FROM think_auth_group_access a INNER JOIN think_auth_group g on a.group_id=g.id  WHERE ( a.uid='5' and g.status='1' )  [ RunTime:0.0010s ]
SQL: SHOW COLUMNS FROM `think_auth_rule` [ RunTime:0.0070s ]
SQL: SELECT `condition`,`name` FROM `think_auth_rule` WHERE `id` IN ('3','4','5','6') AND `type` = 1 AND `status` = 1  [ RunTime:0.0010s ]
SQL: SELECT COUNT(*) AS tp_count FROM think_topic_base topic_base  JOIN think_admin_base admin_base ON topic_base.create_user=admin_base.id WHERE `frame` = 4 LIMIT 1   [ RunTime:0.0010s ]
SQL: SELECT topic_base.id AS id,topic_base.title AS title,topic_base.state AS state,topic_base.is_top AS is_top,topic_base.`order` AS `order`,topic_base.create_time AS create_time,topic_base.create_user AS create_user,admin_base.nickname AS nickname FROM think_topic_base topic_base  JOIN think_admin_base admin_base ON topic_base.create_user=admin_base.id WHERE `frame` = 4 ORDER BY topic_base.is_top desc,topic_base.`order` asc,Id desc,topic_base.create_time desc LIMIT 0,30   [ RunTime:0.0010s ]
INFO: [ view_parse ] --START--
INFO: [ template_filter ] --START--
INFO: Run Behavior\ContentReplaceBehavior [ RunTime:0.001000s ]
INFO: [ template_filter ] --END-- [ RunTime:0.001000s ]
INFO: Run Behavior\ParseTemplateBehavior [ RunTime:0.009001s ]
INFO: [ view_parse ] --END-- [ RunTime:0.009001s ]
INFO: [ view_filter ] --START--
INFO: Run Behavior\WriteHtmlCacheBehavior [ RunTime:0.000000s ]
INFO: [ view_filter ] --END-- [ RunTime:0.000000s ]
INFO: [ app_end ] --START--
INFO: Run Behavior\ShowPageTraceBehavior [ RunTime:0.001000s ]
INFO: [ app_end ] --END-- [ RunTime:0.001000s ]

[ 2017-05-03T19:33:53+08:00 ] 127.0.0.1 /index.php/Adminc/Topic/set.html
INFO: [ app_init ] --START--
INFO: Run Behavior\BuildLiteBehavior [ RunTime:0.000000s ]
INFO: [ app_init ] --END-- [ RunTime:0.000000s ]
INFO: [ app_begin ] --START--
INFO: Run Behavior\ReadHtmlCacheBehavior [ RunTime:0.001000s ]
INFO: [ app_begin ] --END-- [ RunTime:0.001000s ]
SQL: SHOW COLUMNS FROM `think_auth_group_access` [ RunTime:0.0070s ]
SQL: SELECT `uid`,`group_id`,`title`,`rules` FROM think_auth_group_access a INNER JOIN think_auth_group g on a.group_id=g.id  WHERE ( a.uid='5' and g.status='1' )  [ RunTime:0.0010s ]
SQL: SHOW COLUMNS FROM `think_auth_rule` [ RunTime:0.0070s ]
SQL: SELECT `condition`,`name` FROM `think_auth_rule` WHERE `id` IN ('3','4','5','6') AND `type` = 1 AND `status` = 1  [ RunTime:0.0010s ]
SQL: UPDATE `think_topic_base` SET `state`='0' [ RunTime:0.0470s ]

[ 2017-05-03T19:33:55+08:00 ] 127.0.0.1 /index.php/Adminc/Topic/ls/fid/4.html
INFO: [ app_init ] --START--
INFO: Run Behavior\BuildLiteBehavior [ RunTime:0.000000s ]
INFO: [ app_init ] --END-- [ RunTime:0.001000s ]
INFO: [ app_begin ] --START--
INFO: Run Behavior\ReadHtmlCacheBehavior [ RunTime:0.001000s ]
INFO: [ app_begin ] --END-- [ RunTime:0.001000s ]
SQL: SHOW COLUMNS FROM `think_auth_group_access` [ RunTime:0.0080s ]
SQL: SELECT `uid`,`group_id`,`title`,`rules` FROM think_auth_group_access a INNER JOIN think_auth_group g on a.group_id=g.id  WHERE ( a.uid='5' and g.status='1' )  [ RunTime:0.0000s ]
SQL: SHOW COLUMNS FROM `think_auth_rule` [ RunTime:0.0100s ]
SQL: SELECT `condition`,`name` FROM `think_auth_rule` WHERE `id` IN ('3','4','5','6') AND `type` = 1 AND `status` = 1  [ RunTime:0.0010s ]
SQL: SELECT COUNT(*) AS tp_count FROM think_topic_base topic_base  JOIN think_admin_base admin_base ON topic_base.create_user=admin_base.id WHERE `frame` = 4 LIMIT 1   [ RunTime:0.0010s ]
SQL: SELECT topic_base.id AS id,topic_base.title AS title,topic_base.state AS state,topic_base.is_top AS is_top,topic_base.`order` AS `order`,topic_base.create_time AS create_time,topic_base.create_user AS create_user,admin_base.nickname AS nickname FROM think_topic_base topic_base  JOIN think_admin_base admin_base ON topic_base.create_user=admin_base.id WHERE `frame` = 4 ORDER BY topic_base.is_top desc,topic_base.`order` asc,Id desc,topic_base.create_time desc LIMIT 0,30   [ RunTime:0.0010s ]
INFO: [ view_parse ] --START--
INFO: [ template_filter ] --START--
INFO: Run Behavior\ContentReplaceBehavior [ RunTime:0.000000s ]
INFO: [ template_filter ] --END-- [ RunTime:0.000000s ]
INFO: Run Behavior\ParseTemplateBehavior [ RunTime:0.010001s ]
INFO: [ view_parse ] --END-- [ RunTime:0.010001s ]
INFO: [ view_filter ] --START--
INFO: Run Behavior\WriteHtmlCacheBehavior [ RunTime:0.000000s ]
INFO: [ view_filter ] --END-- [ RunTime:0.000000s ]
INFO: [ app_end ] --START--
INFO: Run Behavior\ShowPageTraceBehavior [ RunTime:0.001000s ]
INFO: [ app_end ] --END-- [ RunTime:0.001000s ]

[ 2017-05-03T19:33:57+08:00 ] 127.0.0.1 /index.php/Adminc/Topic/ls?sdate=2017-05-16
INFO: [ app_init ] --START--
INFO: Run Behavior\BuildLiteBehavior [ RunTime:0.000000s ]
INFO: [ app_init ] --END-- [ RunTime:0.001000s ]
INFO: [ app_begin ] --START--
INFO: Run Behavior\ReadHtmlCacheBehavior [ RunTime:0.000000s ]
INFO: [ app_begin ] --END-- [ RunTime:0.000000s ]
SQL: SHOW COLUMNS FROM `think_auth_group_access` [ RunTime:0.0070s ]
SQL: SELECT `uid`,`group_id`,`title`,`rules` FROM think_auth_group_access a INNER JOIN think_auth_group g on a.group_id=g.id  WHERE ( a.uid='5' and g.status='1' )  [ RunTime:0.0010s ]
SQL: SHOW COLUMNS FROM `think_auth_rule` [ RunTime:0.0080s ]
SQL: SELECT `condition`,`name` FROM `think_auth_rule` WHERE `id` IN ('3','4','5','6') AND `type` = 1 AND `status` = 1  [ RunTime:0.0010s ]
INFO: [ view_parse ] --START--
INFO: [ template_filter ] --START--
INFO: Run Behavior\ContentReplaceBehavior [ RunTime:0.000000s ]
INFO: [ template_filter ] --END-- [ RunTime:0.000000s ]
INFO: Run Behavior\ParseTemplateBehavior [ RunTime:0.006000s ]
INFO: [ view_parse ] --END-- [ RunTime:0.006000s ]
INFO: [ view_filter ] --START--
INFO: Run Behavior\WriteHtmlCacheBehavior [ RunTime:0.001000s ]
INFO: [ view_filter ] --END-- [ RunTime:0.001000s ]

[ 2017-05-03T19:35:47+08:00 ] 127.0.0.1 /index.php/Adminc/Topic/ls/fid/4.html
INFO: [ app_init ] --START--
INFO: Run Behavior\BuildLiteBehavior [ RunTime:0.000000s ]
INFO: [ app_init ] --END-- [ RunTime:0.000000s ]
INFO: [ app_begin ] --START--
INFO: Run Behavior\ReadHtmlCacheBehavior [ RunTime:0.000000s ]
INFO: [ app_begin ] --END-- [ RunTime:0.000000s ]
SQL: SHOW COLUMNS FROM `think_auth_group_access` [ RunTime:0.0060s ]
SQL: SELECT `uid`,`group_id`,`title`,`rules` FROM think_auth_group_access a INNER JOIN think_auth_group g on a.group_id=g.id  WHERE ( a.uid='5' and g.status='1' )  [ RunTime:0.0000s ]
SQL: SHOW COLUMNS FROM `think_auth_rule` [ RunTime:0.0070s ]
SQL: SELECT `condition`,`name` FROM `think_auth_rule` WHERE `id` IN ('3','4','5','6') AND `type` = 1 AND `status` = 1  [ RunTime:0.0000s ]
SQL: SELECT COUNT(*) AS tp_count FROM think_topic_base topic_base  JOIN think_admin_base admin_base ON topic_base.create_user=admin_base.id WHERE `frame` = 4 LIMIT 1   [ RunTime:0.0010s ]
SQL: SELECT topic_base.id AS id,topic_base.title AS title,topic_base.state AS state,topic_base.is_top AS is_top,topic_base.`order` AS `order`,topic_base.create_time AS create_time,topic_base.create_user AS create_user,admin_base.nickname AS nickname FROM think_topic_base topic_base  JOIN think_admin_base admin_base ON topic_base.create_user=admin_base.id WHERE `frame` = 4 ORDER BY topic_base.is_top desc,topic_base.`order` asc,Id desc,topic_base.create_time desc LIMIT 0,30   [ RunTime:0.0010s ]
INFO: [ view_parse ] --START--
INFO: [ template_filter ] --START--
INFO: Run Behavior\ContentReplaceBehavior [ RunTime:0.000000s ]
INFO: [ template_filter ] --END-- [ RunTime:0.000000s ]
INFO: Run Behavior\ParseTemplateBehavior [ RunTime:0.011000s ]
INFO: [ view_parse ] --END-- [ RunTime:0.011000s ]
INFO: [ view_filter ] --START--
INFO: Run Behavior\WriteHtmlCacheBehavior [ RunTime:0.000000s ]
INFO: [ view_filter ] --END-- [ RunTime:0.000000s ]
INFO: [ app_end ] --START--
INFO: Run Behavior\ShowPageTraceBehavior [ RunTime:0.001000s ]
INFO: [ app_end ] --END-- [ RunTime:0.001000s ]

[ 2017-05-03T19:35:48+08:00 ] 127.0.0.1 /index.php/Adminc/Topic/ls?fid=4&sdate=2017-05-02
INFO: [ app_init ] --START--
INFO: Run Behavior\BuildLiteBehavior [ RunTime:0.000000s ]
INFO: [ app_init ] --END-- [ RunTime:0.000000s ]
INFO: [ app_begin ] --START--
INFO: Run Behavior\ReadHtmlCacheBehavior [ RunTime:0.001000s ]
INFO: [ app_begin ] --END-- [ RunTime:0.001000s ]
SQL: SHOW COLUMNS FROM `think_auth_group_access` [ RunTime:0.0080s ]
SQL: SELECT `uid`,`group_id`,`title`,`rules` FROM think_auth_group_access a INNER JOIN think_auth_group g on a.group_id=g.id  WHERE ( a.uid='5' and g.status='1' )  [ RunTime:0.0000s ]
SQL: SHOW COLUMNS FROM `think_auth_rule` [ RunTime:0.0070s ]
SQL: SELECT `condition`,`name` FROM `think_auth_rule` WHERE `id` IN ('3','4','5','6') AND `type` = 1 AND `status` = 1  [ RunTime:0.0000s ]
SQL: SELECT COUNT(*) AS tp_count FROM think_topic_base topic_base  JOIN think_admin_base admin_base ON topic_base.create_user=admin_base.id WHERE `frame` = 4 AND topic_base.create_time BETWEEN 1493654400 AND 1494172799 LIMIT 1   [ RunTime:0.0000s ]
SQL: SELECT topic_base.id AS id,topic_base.title AS title,topic_base.state AS state,topic_base.is_top AS is_top,topic_base.`order` AS `order`,topic_base.create_time AS create_time,topic_base.create_user AS create_user,admin_base.nickname AS nickname FROM think_topic_base topic_base  JOIN think_admin_base admin_base ON topic_base.create_user=admin_base.id WHERE `frame` = 4 AND topic_base.create_time BETWEEN 1493654400 AND 1494172799 ORDER BY topic_base.is_top desc,topic_base.`order` asc,Id desc,topic_base.create_time desc LIMIT 0,30   [ RunTime:0.0010s ]
INFO: [ view_parse ] --START--
INFO: [ template_filter ] --START--
INFO: Run Behavior\ContentReplaceBehavior [ RunTime:0.000000s ]
INFO: [ template_filter ] --END-- [ RunTime:0.000000s ]
INFO: Run Behavior\ParseTemplateBehavior [ RunTime:0.011000s ]
INFO: [ view_parse ] --END-- [ RunTime:0.011000s ]
INFO: [ view_filter ] --START--
INFO: Run Behavior\WriteHtmlCacheBehavior [ RunTime:0.000000s ]
INFO: [ view_filter ] --END-- [ RunTime:0.000000s ]
INFO: [ app_end ] --START--
INFO: Run Behavior\ShowPageTraceBehavior [ RunTime:0.001000s ]
INFO: [ app_end ] --END-- [ RunTime:0.001000s ]

[ 2017-05-03T19:35:50+08:00 ] 127.0.0.1 /index.php/Adminc/Topic/ls?fid=4&sdate=2017-05-04
INFO: [ app_init ] --START--
INFO: Run Behavior\BuildLiteBehavior [ RunTime:0.000000s ]
INFO: [ app_init ] --END-- [ RunTime:0.001001s ]
INFO: [ app_begin ] --START--
INFO: Run Behavior\ReadHtmlCacheBehavior [ RunTime:0.001000s ]
INFO: [ app_begin ] --END-- [ RunTime:0.001000s ]
SQL: SHOW COLUMNS FROM `think_auth_group_access` [ RunTime:0.0080s ]
SQL: SELECT `uid`,`group_id`,`title`,`rules` FROM think_auth_group_access a INNER JOIN think_auth_group g on a.group_id=g.id  WHERE ( a.uid='5' and g.status='1' )  [ RunTime:0.0000s ]
SQL: SHOW COLUMNS FROM `think_auth_rule` [ RunTime:0.0070s ]
SQL: SELECT `condition`,`name` FROM `think_auth_rule` WHERE `id` IN ('3','4','5','6') AND `type` = 1 AND `status` = 1  [ RunTime:0.0000s ]
SQL: SELECT COUNT(*) AS tp_count FROM think_topic_base topic_base  JOIN think_admin_base admin_base ON topic_base.create_user=admin_base.id WHERE `frame` = 4 AND topic_base.create_time BETWEEN 1493827200 AND 1494345599 LIMIT 1   [ RunTime:0.0000s ]
SQL: SELECT topic_base.id AS id,topic_base.title AS title,topic_base.state AS state,topic_base.is_top AS is_top,topic_base.`order` AS `order`,topic_base.create_time AS create_time,topic_base.create_user AS create_user,admin_base.nickname AS nickname FROM think_topic_base topic_base  JOIN think_admin_base admin_base ON topic_base.create_user=admin_base.id WHERE `frame` = 4 AND topic_base.create_time BETWEEN 1493827200 AND 1494345599 ORDER BY topic_base.is_top desc,topic_base.`order` asc,Id desc,topic_base.create_time desc LIMIT 0,30   [ RunTime:0.0000s ]
INFO: [ view_parse ] --START--
INFO: [ template_filter ] --START--
INFO: Run Behavior\ContentReplaceBehavior [ RunTime:0.000000s ]
INFO: [ template_filter ] --END-- [ RunTime:0.000000s ]
INFO: Run Behavior\ParseTemplateBehavior [ RunTime:0.010000s ]
INFO: [ view_parse ] --END-- [ RunTime:0.010000s ]
INFO: [ view_filter ] --START--
INFO: Run Behavior\WriteHtmlCacheBehavior [ RunTime:0.000000s ]
INFO: [ view_filter ] --END-- [ RunTime:0.000000s ]
INFO: [ app_end ] --START--
INFO: Run Behavior\ShowPageTraceBehavior [ RunTime:0.001000s ]
INFO: [ app_end ] --END-- [ RunTime:0.001000s ]

[ 2017-05-03T19:35:52+08:00 ] 127.0.0.1 /index.php/Adminc/Topic/ls?fid=4&sdate=2017-05-03
INFO: [ app_init ] --START--
INFO: Run Behavior\BuildLiteBehavior [ RunTime:0.000000s ]
INFO: [ app_init ] --END-- [ RunTime:0.001000s ]
INFO: [ app_begin ] --START--
INFO: Run Behavior\ReadHtmlCacheBehavior [ RunTime:0.001000s ]
INFO: [ app_begin ] --END-- [ RunTime:0.001000s ]
SQL: SHOW COLUMNS FROM `think_auth_group_access` [ RunTime:0.0060s ]
SQL: SELECT `uid`,`group_id`,`title`,`rules` FROM think_auth_group_access a INNER JOIN think_auth_group g on a.group_id=g.id  WHERE ( a.uid='5' and g.status='1' )  [ RunTime:0.0010s ]
SQL: SHOW COLUMNS FROM `think_auth_rule` [ RunTime:0.0050s ]
SQL: SELECT `condition`,`name` FROM `think_auth_rule` WHERE `id` IN ('3','4','5','6') AND `type` = 1 AND `status` = 1  [ RunTime:0.0000s ]
SQL: SELECT COUNT(*) AS tp_count FROM think_topic_base topic_base  JOIN think_admin_base admin_base ON topic_base.create_user=admin_base.id WHERE `frame` = 4 AND topic_base.create_time BETWEEN 1493740800 AND 1494259199 LIMIT 1   [ RunTime:0.0000s ]
SQL: SELECT topic_base.id AS id,topic_base.title AS title,topic_base.state AS state,topic_base.is_top AS is_top,topic_base.`order` AS `order`,topic_base.create_time AS create_time,topic_base.create_user AS create_user,admin_base.nickname AS nickname FROM think_topic_base topic_base  JOIN think_admin_base admin_base ON topic_base.create_user=admin_base.id WHERE `frame` = 4 AND topic_base.create_time BETWEEN 1493740800 AND 1494259199 ORDER BY topic_base.is_top desc,topic_base.`order` asc,Id desc,topic_base.create_time desc LIMIT 0,30   [ RunTime:0.0000s ]
INFO: [ view_parse ] --START--
INFO: [ template_filter ] --START--
INFO: Run Behavior\ContentReplaceBehavior [ RunTime:0.000000s ]
INFO: [ template_filter ] --END-- [ RunTime:0.000000s ]
INFO: Run Behavior\ParseTemplateBehavior [ RunTime:0.010000s ]
INFO: [ view_parse ] --END-- [ RunTime:0.010000s ]
INFO: [ view_filter ] --START--
INFO: Run Behavior\WriteHtmlCacheBehavior [ RunTime:0.000000s ]
INFO: [ view_filter ] --END-- [ RunTime:0.000000s ]
INFO: [ app_end ] --START--
INFO: Run Behavior\ShowPageTraceBehavior [ RunTime:0.001000s ]
INFO: [ app_end ] --END-- [ RunTime:0.001000s ]

[ 2017-05-03T19:35:53+08:00 ] 127.0.0.1 /index.php/Adminc/Topic/ls?fid=4&sdate=2017-05-02
INFO: [ app_init ] --START--
INFO: Run Behavior\BuildLiteBehavior [ RunTime:0.000000s ]
INFO: [ app_init ] --END-- [ RunTime:0.001000s ]
INFO: [ app_begin ] --START--
INFO: Run Behavior\ReadHtmlCacheBehavior [ RunTime:0.000000s ]
INFO: [ app_begin ] --END-- [ RunTime:0.000000s ]
SQL: SHOW COLUMNS FROM `think_auth_group_access` [ RunTime:0.0070s ]
SQL: SELECT `uid`,`group_id`,`title`,`rules` FROM think_auth_group_access a INNER JOIN think_auth_group g on a.group_id=g.id  WHERE ( a.uid='5' and g.status='1' )  [ RunTime:0.0000s ]
SQL: SHOW COLUMNS FROM `think_auth_rule` [ RunTime:0.0060s ]
SQL: SELECT `condition`,`name` FROM `think_auth_rule` WHERE `id` IN ('3','4','5','6') AND `type` = 1 AND `status` = 1  [ RunTime:0.0000s ]
SQL: SELECT COUNT(*) AS tp_count FROM think_topic_base topic_base  JOIN think_admin_base admin_base ON topic_base.create_user=admin_base.id WHERE `frame` = 4 AND topic_base.create_time BETWEEN 1493654400 AND 1494172799 LIMIT 1   [ RunTime:0.0000s ]
SQL: SELECT topic_base.id AS id,topic_base.title AS title,topic_base.state AS state,topic_base.is_top AS is_top,topic_base.`order` AS `order`,topic_base.create_time AS create_time,topic_base.create_user AS create_user,admin_base.nickname AS nickname FROM think_topic_base topic_base  JOIN think_admin_base admin_base ON topic_base.create_user=admin_base.id WHERE `frame` = 4 AND topic_base.create_time BETWEEN 1493654400 AND 1494172799 ORDER BY topic_base.is_top desc,topic_base.`order` asc,Id desc,topic_base.create_time desc LIMIT 0,30   [ RunTime:0.0010s ]
INFO: [ view_parse ] --START--
INFO: [ template_filter ] --START--
INFO: Run Behavior\ContentReplaceBehavior [ RunTime:0.000000s ]
INFO: [ template_filter ] --END-- [ RunTime:0.000000s ]
INFO: Run Behavior\ParseTemplateBehavior [ RunTime:0.009001s ]
INFO: [ view_parse ] --END-- [ RunTime:0.009001s ]
INFO: [ view_filter ] --START--
INFO: Run Behavior\WriteHtmlCacheBehavior [ RunTime:0.000000s ]
INFO: [ view_filter ] --END-- [ RunTime:0.000000s ]
INFO: [ app_end ] --START--
INFO: Run Behavior\ShowPageTraceBehavior [ RunTime:0.001000s ]
INFO: [ app_end ] --END-- [ RunTime:0.001000s ]

[ 2017-05-03T19:35:56+08:00 ] 127.0.0.1 /index.php/Adminc/Topic/ls?keywords=test
INFO: [ app_init ] --START--
INFO: Run Behavior\BuildLiteBehavior [ RunTime:0.000000s ]
INFO: [ app_init ] --END-- [ RunTime:0.001000s ]
INFO: [ app_begin ] --START--
INFO: Run Behavior\ReadHtmlCacheBehavior [ RunTime:0.001000s ]
INFO: [ app_begin ] --END-- [ RunTime:0.001000s ]
SQL: SHOW COLUMNS FROM `think_auth_group_access` [ RunTime:0.0060s ]
SQL: SELECT `uid`,`group_id`,`title`,`rules` FROM think_auth_group_access a INNER JOIN think_auth_group g on a.group_id=g.id  WHERE ( a.uid='5' and g.status='1' )  [ RunTime:0.0010s ]
SQL: SHOW COLUMNS FROM `think_auth_rule` [ RunTime:0.0070s ]
SQL: SELECT `condition`,`name` FROM `think_auth_rule` WHERE `id` IN ('3','4','5','6') AND `type` = 1 AND `status` = 1  [ RunTime:0.0000s ]
INFO: [ view_parse ] --START--
INFO: [ template_filter ] --START--
INFO: Run Behavior\ContentReplaceBehavior [ RunTime:0.000000s ]
INFO: [ template_filter ] --END-- [ RunTime:0.000000s ]
INFO: Run Behavior\ParseTemplateBehavior [ RunTime:0.006000s ]
INFO: [ view_parse ] --END-- [ RunTime:0.006000s ]
INFO: [ view_filter ] --START--
INFO: Run Behavior\WriteHtmlCacheBehavior [ RunTime:0.001000s ]
INFO: [ view_filter ] --END-- [ RunTime:0.001000s ]

[ 2017-05-03T19:36:28+08:00 ] 127.0.0.1 /index.php/Adminc/Topic/ls?fid=4&sdate=2017-05-02
INFO: [ app_init ] --START--
INFO: Run Behavior\BuildLiteBehavior [ RunTime:0.000000s ]
INFO: [ app_init ] --END-- [ RunTime:0.001000s ]
INFO: [ app_begin ] --START--
INFO: Run Behavior\ReadHtmlCacheBehavior [ RunTime:0.001000s ]
INFO: [ app_begin ] --END-- [ RunTime:0.001000s ]
SQL: SHOW COLUMNS FROM `think_auth_group_access` [ RunTime:0.0060s ]
SQL: SELECT `uid`,`group_id`,`title`,`rules` FROM think_auth_group_access a INNER JOIN think_auth_group g on a.group_id=g.id  WHERE ( a.uid='5' and g.status='1' )  [ RunTime:0.0000s ]
SQL: SHOW COLUMNS FROM `think_auth_rule` [ RunTime:0.0080s ]
SQL: SELECT `condition`,`name` FROM `think_auth_rule` WHERE `id` IN ('3','4','5','6') AND `type` = 1 AND `status` = 1  [ RunTime:0.0000s ]
SQL: SELECT COUNT(*) AS tp_count FROM think_topic_base topic_base  JOIN think_admin_base admin_base ON topic_base.create_user=admin_base.id WHERE `frame` = 4 AND topic_base.create_time BETWEEN 1493654400 AND 1494172799 LIMIT 1   [ RunTime:0.0000s ]
SQL: SELECT topic_base.id AS id,topic_base.title AS title,topic_base.state AS state,topic_base.is_top AS is_top,topic_base.`order` AS `order`,topic_base.create_time AS create_time,topic_base.create_user AS create_user,admin_base.nickname AS nickname FROM think_topic_base topic_base  JOIN think_admin_base admin_base ON topic_base.create_user=admin_base.id WHERE `frame` = 4 AND topic_base.create_time BETWEEN 1493654400 AND 1494172799 ORDER BY topic_base.is_top desc,topic_base.`order` asc,Id desc,topic_base.create_time desc LIMIT 0,30   [ RunTime:0.0000s ]
INFO: [ view_parse ] --START--
INFO: [ template_filter ] --START--
INFO: Run Behavior\ContentReplaceBehavior [ RunTime:0.000000s ]
INFO: [ template_filter ] --END-- [ RunTime:0.000000s ]
INFO: Run Behavior\ParseTemplateBehavior [ RunTime:0.011001s ]
INFO: [ view_parse ] --END-- [ RunTime:0.011001s ]
INFO: [ view_filter ] --START--
INFO: Run Behavior\WriteHtmlCacheBehavior [ RunTime:0.000000s ]
INFO: [ view_filter ] --END-- [ RunTime:0.000000s ]
INFO: [ app_end ] --START--
INFO: Run Behavior\ShowPageTraceBehavior [ RunTime:0.000000s ]
INFO: [ app_end ] --END-- [ RunTime:0.000000s ]

[ 2017-05-03T19:36:29+08:00 ] 127.0.0.1 /index.php/Adminc/Topic/ls?fid=4&sdate=2017-05-02
INFO: [ app_init ] --START--
INFO: Run Behavior\BuildLiteBehavior [ RunTime:0.000000s ]
INFO: [ app_init ] --END-- [ RunTime:0.001000s ]
INFO: [ app_begin ] --START--
INFO: Run Behavior\ReadHtmlCacheBehavior [ RunTime:0.001000s ]
INFO: [ app_begin ] --END-- [ RunTime:0.001000s ]
SQL: SHOW COLUMNS FROM `think_auth_group_access` [ RunTime:0.0070s ]
SQL: SELECT `uid`,`group_id`,`title`,`rules` FROM think_auth_group_access a INNER JOIN think_auth_group g on a.group_id=g.id  WHERE ( a.uid='5' and g.status='1' )  [ RunTime:0.0000s ]
SQL: SHOW COLUMNS FROM `think_auth_rule` [ RunTime:0.0080s ]
SQL: SELECT `condition`,`name` FROM `think_auth_rule` WHERE `id` IN ('3','4','5','6') AND `type` = 1 AND `status` = 1  [ RunTime:0.0000s ]
SQL: SELECT COUNT(*) AS tp_count FROM think_topic_base topic_base  JOIN think_admin_base admin_base ON topic_base.create_user=admin_base.id WHERE `frame` = 4 AND topic_base.create_time BETWEEN 1493654400 AND 1494172799 LIMIT 1   [ RunTime:0.0010s ]
SQL: SELECT topic_base.id AS id,topic_base.title AS title,topic_base.state AS state,topic_base.is_top AS is_top,topic_base.`order` AS `order`,topic_base.create_time AS create_time,topic_base.create_user AS create_user,admin_base.nickname AS nickname FROM think_topic_base topic_base  JOIN think_admin_base admin_base ON topic_base.create_user=admin_base.id WHERE `frame` = 4 AND topic_base.create_time BETWEEN 1493654400 AND 1494172799 ORDER BY topic_base.is_top desc,topic_base.`order` asc,Id desc,topic_base.create_time desc LIMIT 0,30   [ RunTime:0.0000s ]
INFO: [ view_parse ] --START--
INFO: [ template_filter ] --START--
INFO: Run Behavior\ContentReplaceBehavior [ RunTime:0.000000s ]
INFO: [ template_filter ] --END-- [ RunTime:0.000000s ]
INFO: Run Behavior\ParseTemplateBehavior [ RunTime:0.010001s ]
INFO: [ view_parse ] --END-- [ RunTime:0.010001s ]
INFO: [ view_filter ] --START--
INFO: Run Behavior\WriteHtmlCacheBehavior [ RunTime:0.001000s ]
INFO: [ view_filter ] --END-- [ RunTime:0.001000s ]
INFO: [ app_end ] --START--
INFO: Run Behavior\ShowPageTraceBehavior [ RunTime:0.000000s ]
INFO: [ app_end ] --END-- [ RunTime:0.000000s ]

[ 2017-05-03T19:36:36+08:00 ] 127.0.0.1 /index.php/Adminc/Topic/ls?fid=4&sdate=2017-05-02
INFO: [ app_init ] --START--
INFO: Run Behavior\BuildLiteBehavior [ RunTime:0.000000s ]
INFO: [ app_init ] --END-- [ RunTime:0.001000s ]
INFO: [ app_begin ] --START--
INFO: Run Behavior\ReadHtmlCacheBehavior [ RunTime:0.000000s ]
INFO: [ app_begin ] --END-- [ RunTime:0.000000s ]
SQL: SHOW COLUMNS FROM `think_auth_group_access` [ RunTime:0.0060s ]
SQL: SELECT `uid`,`group_id`,`title`,`rules` FROM think_auth_group_access a INNER JOIN think_auth_group g on a.group_id=g.id  WHERE ( a.uid='5' and g.status='1' )  [ RunTime:0.0000s ]
SQL: SHOW COLUMNS FROM `think_auth_rule` [ RunTime:0.0080s ]
SQL: SELECT `condition`,`name` FROM `think_auth_rule` WHERE `id` IN ('3','4','5','6') AND `type` = 1 AND `status` = 1  [ RunTime:0.0010s ]
SQL: SELECT COUNT(*) AS tp_count FROM think_topic_base topic_base  JOIN think_admin_base admin_base ON topic_base.create_user=admin_base.id WHERE `frame` = 4 AND topic_base.create_time BETWEEN 1493654400 AND 1494172799 LIMIT 1   [ RunTime:0.0010s ]
SQL: SELECT topic_base.id AS id,topic_base.title AS title,topic_base.state AS state,topic_base.is_top AS is_top,topic_base.`order` AS `order`,topic_base.create_time AS create_time,topic_base.create_user AS create_user,admin_base.nickname AS nickname FROM think_topic_base topic_base  JOIN think_admin_base admin_base ON topic_base.create_user=admin_base.id WHERE `frame` = 4 AND topic_base.create_time BETWEEN 1493654400 AND 1494172799 ORDER BY topic_base.is_top desc,topic_base.`order` asc,Id desc,topic_base.create_time desc LIMIT 0,30   [ RunTime:0.0010s ]
INFO: [ view_parse ] --START--
INFO: [ template_filter ] --START--
INFO: Run Behavior\ContentReplaceBehavior [ RunTime:0.000000s ]
INFO: [ template_filter ] --END-- [ RunTime:0.000000s ]
INFO: Run Behavior\ParseTemplateBehavior [ RunTime:0.010001s ]
INFO: [ view_parse ] --END-- [ RunTime:0.010001s ]
INFO: [ view_filter ] --START--
INFO: Run Behavior\WriteHtmlCacheBehavior [ RunTime:0.000000s ]
INFO: [ view_filter ] --END-- [ RunTime:0.000000s ]
INFO: [ app_end ] --START--
INFO: Run Behavior\ShowPageTraceBehavior [ RunTime:0.001000s ]
INFO: [ app_end ] --END-- [ RunTime:0.001000s ]

[ 2017-05-03T19:36:39+08:00 ] 127.0.0.1 /index.php/Adminc/Topic/ls?fid=4&keywords=t
INFO: [ app_init ] --START--
INFO: Run Behavior\BuildLiteBehavior [ RunTime:0.000000s ]
INFO: [ app_init ] --END-- [ RunTime:0.001000s ]
INFO: [ app_begin ] --START--
INFO: Run Behavior\ReadHtmlCacheBehavior [ RunTime:0.001000s ]
INFO: [ app_begin ] --END-- [ RunTime:0.001000s ]
SQL: SHOW COLUMNS FROM `think_auth_group_access` [ RunTime:0.0070s ]
SQL: SELECT `uid`,`group_id`,`title`,`rules` FROM think_auth_group_access a INNER JOIN think_auth_group g on a.group_id=g.id  WHERE ( a.uid='5' and g.status='1' )  [ RunTime:0.0010s ]
SQL: SHOW COLUMNS FROM `think_auth_rule` [ RunTime:0.0070s ]
SQL: SELECT `condition`,`name` FROM `think_auth_rule` WHERE `id` IN ('3','4','5','6') AND `type` = 1 AND `status` = 1  [ RunTime:0.0000s ]
SQL: SELECT COUNT(*) AS tp_count FROM think_topic_base topic_base  JOIN think_admin_base admin_base ON topic_base.create_user=admin_base.id WHERE `frame` = 4 AND topic_base.title LIKE '%t%' LIMIT 1   [ RunTime:0.0010s ]
SQL: SELECT topic_base.id AS id,topic_base.title AS title,topic_base.state AS state,topic_base.is_top AS is_top,topic_base.`order` AS `order`,topic_base.create_time AS create_time,topic_base.create_user AS create_user,admin_base.nickname AS nickname FROM think_topic_base topic_base  JOIN think_admin_base admin_base ON topic_base.create_user=admin_base.id WHERE `frame` = 4 AND topic_base.title LIKE '%t%' ORDER BY topic_base.is_top desc,topic_base.`order` asc,Id desc,topic_base.create_time desc LIMIT 0,30   [ RunTime:0.0000s ]
INFO: [ view_parse ] --START--
INFO: [ template_filter ] --START--
INFO: Run Behavior\ContentReplaceBehavior [ RunTime:0.000000s ]
INFO: [ template_filter ] --END-- [ RunTime:0.000000s ]
INFO: Run Behavior\ParseTemplateBehavior [ RunTime:0.011001s ]
INFO: [ view_parse ] --END-- [ RunTime:0.011001s ]
INFO: [ view_filter ] --START--
INFO: Run Behavior\WriteHtmlCacheBehavior [ RunTime:0.000000s ]
INFO: [ view_filter ] --END-- [ RunTime:0.000000s ]
INFO: [ app_end ] --START--
INFO: Run Behavior\ShowPageTraceBehavior [ RunTime:0.000000s ]
INFO: [ app_end ] --END-- [ RunTime:0.001000s ]

[ 2017-05-03T19:36:40+08:00 ] 127.0.0.1 /index.php/Adminc/Topic/ls?fid=4&keywords=s
INFO: [ app_init ] --START--
INFO: Run Behavior\BuildLiteBehavior [ RunTime:0.000000s ]
INFO: [ app_init ] --END-- [ RunTime:0.001000s ]
INFO: [ app_begin ] --START--
INFO: Run Behavior\ReadHtmlCacheBehavior [ RunTime:0.000000s ]
INFO: [ app_begin ] --END-- [ RunTime:0.000000s ]
SQL: SHOW COLUMNS FROM `think_auth_group_access` [ RunTime:0.0060s ]
SQL: SELECT `uid`,`group_id`,`title`,`rules` FROM think_auth_group_access a INNER JOIN think_auth_group g on a.group_id=g.id  WHERE ( a.uid='5' and g.status='1' )  [ RunTime:0.0010s ]
SQL: SHOW COLUMNS FROM `think_auth_rule` [ RunTime:0.0070s ]
SQL: SELECT `condition`,`name` FROM `think_auth_rule` WHERE `id` IN ('3','4','5','6') AND `type` = 1 AND `status` = 1  [ RunTime:0.0000s ]
SQL: SELECT COUNT(*) AS tp_count FROM think_topic_base topic_base  JOIN think_admin_base admin_base ON topic_base.create_user=admin_base.id WHERE `frame` = 4 AND topic_base.title LIKE '%s%' LIMIT 1   [ RunTime:0.0000s ]
SQL: SELECT topic_base.id AS id,topic_base.title AS title,topic_base.state AS state,topic_base.is_top AS is_top,topic_base.`order` AS `order`,topic_base.create_time AS create_time,topic_base.create_user AS create_user,admin_base.nickname AS nickname FROM think_topic_base topic_base  JOIN think_admin_base admin_base ON topic_base.create_user=admin_base.id WHERE `frame` = 4 AND topic_base.title LIKE '%s%' ORDER BY topic_base.is_top desc,topic_base.`order` asc,Id desc,topic_base.create_time desc LIMIT 0,30   [ RunTime:0.0000s ]
INFO: [ view_parse ] --START--
INFO: [ template_filter ] --START--
INFO: Run Behavior\ContentReplaceBehavior [ RunTime:0.000000s ]
INFO: [ template_filter ] --END-- [ RunTime:0.000000s ]
INFO: Run Behavior\ParseTemplateBehavior [ RunTime:0.010001s ]
INFO: [ view_parse ] --END-- [ RunTime:0.010001s ]
INFO: [ view_filter ] --START--
INFO: Run Behavior\WriteHtmlCacheBehavior [ RunTime:0.001000s ]
INFO: [ view_filter ] --END-- [ RunTime:0.001000s ]
INFO: [ app_end ] --START--
INFO: Run Behavior\ShowPageTraceBehavior [ RunTime:0.001000s ]
INFO: [ app_end ] --END-- [ RunTime:0.001000s ]

[ 2017-05-03T19:36:41+08:00 ] 127.0.0.1 /index.php/Adminc/Topic/ls?fid=4&keywords=z
INFO: [ app_init ] --START--
INFO: Run Behavior\BuildLiteBehavior [ RunTime:0.000000s ]
INFO: [ app_init ] --END-- [ RunTime:0.001000s ]
INFO: [ app_begin ] --START--
INFO: Run Behavior\ReadHtmlCacheBehavior [ RunTime:0.000000s ]
INFO: [ app_begin ] --END-- [ RunTime:0.000000s ]
SQL: SHOW COLUMNS FROM `think_auth_group_access` [ RunTime:0.0060s ]
SQL: SELECT `uid`,`group_id`,`title`,`rules` FROM think_auth_group_access a INNER JOIN think_auth_group g on a.group_id=g.id  WHERE ( a.uid='5' and g.status='1' )  [ RunTime:0.0010s ]
SQL: SHOW COLUMNS FROM `think_auth_rule` [ RunTime:0.0070s ]
SQL: SELECT `condition`,`name` FROM `think_auth_rule` WHERE `id` IN ('3','4','5','6') AND `type` = 1 AND `status` = 1  [ RunTime:0.0010s ]
SQL: SELECT COUNT(*) AS tp_count FROM think_topic_base topic_base  JOIN think_admin_base admin_base ON topic_base.create_user=admin_base.id WHERE `frame` = 4 AND topic_base.title LIKE '%z%' LIMIT 1   [ RunTime:0.0000s ]
SQL: SELECT topic_base.id AS id,topic_base.title AS title,topic_base.state AS state,topic_base.is_top AS is_top,topic_base.`order` AS `order`,topic_base.create_time AS create_time,topic_base.create_user AS create_user,admin_base.nickname AS nickname FROM think_topic_base topic_base  JOIN think_admin_base admin_base ON topic_base.create_user=admin_base.id WHERE `frame` = 4 AND topic_base.title LIKE '%z%' ORDER BY topic_base.is_top desc,topic_base.`order` asc,Id desc,topic_base.create_time desc LIMIT 0,30   [ RunTime:0.0010s ]
INFO: [ view_parse ] --START--
INFO: [ template_filter ] --START--
INFO: Run Behavior\ContentReplaceBehavior [ RunTime:0.000000s ]
INFO: [ template_filter ] --END-- [ RunTime:0.000000s ]
INFO: Run Behavior\ParseTemplateBehavior [ RunTime:0.010001s ]
INFO: [ view_parse ] --END-- [ RunTime:0.010001s ]
INFO: [ view_filter ] --START--
INFO: Run Behavior\WriteHtmlCacheBehavior [ RunTime:0.000000s ]
INFO: [ view_filter ] --END-- [ RunTime:0.000000s ]
INFO: [ app_end ] --START--
INFO: Run Behavior\ShowPageTraceBehavior [ RunTime:0.001000s ]
INFO: [ app_end ] --END-- [ RunTime:0.001000s ]

